2020-05-11 23:12:24 -Starting BootdoApplication on DESKTOP-1DQTBLC with PID 44152 (started by 贝亚娜逗神 in E:\IT\IDEA\IDEA WROKSPACE\bootdo)
2020-05-11 23:12:24 -Running with Spring Boot v2.0.3.RELEASE, Spring v5.0.7.RELEASE
2020-05-11 23:12:24 -The following profiles are active: dev
2020-05-11 23:12:24 -Refreshing org.springframework.boot.web.servlet.context.AnnotationConfigServletWebServerApplicationContext@336f1079: startup date [Mon May 11 23:12:24 CST 2020]; root of context hierarchy
2020-05-11 23:12:31 -Multiple Spring Data modules found, entering strict repository configuration mode!
2020-05-11 23:12:33 -Bean 'org.springframework.transaction.annotation.ProxyTransactionManagementConfiguration' of type [org.springframework.transaction.annotation.ProxyTransactionManagementConfiguration$$EnhancerBySpringCGLIB$$56ad386f] is not eligible for getting processed by all BeanPostProcessors (for example: not eligible for auto-proxying)
2020-05-11 23:12:33 -Bean 'shiroConfig' of type [com.bootdo.system.config.ShiroConfig$$EnhancerBySpringCGLIB$$49066716] is not eligible for getting processed by all BeanPostProcessors (for example: not eligible for auto-proxying)
2020-05-11 23:12:34 -Bean 'userRealm' of type [com.bootdo.system.shiro.UserRealm] is not eligible for getting processed by all BeanPostProcessors (for example: not eligible for auto-proxying)
2020-05-11 23:12:34 -Bean 'cacheManager2' of type [net.sf.ehcache.CacheManager] is not eligible for getting processed by all BeanPostProcessors (for example: not eligible for auto-proxying)
2020-05-11 23:12:34 -Bean 'ehCacheManager' of type [org.apache.shiro.cache.ehcache.EhCacheManager] is not eligible for getting processed by all BeanPostProcessors (for example: not eligible for auto-proxying)
2020-05-11 23:12:34 -Cache with name 'com.bootdo.system.shiro.UserRealm.authorizationCache' does not yet exist.  Creating now.
2020-05-11 23:12:34 -Added EhCache named [com.bootdo.system.shiro.UserRealm.authorizationCache]
2020-05-11 23:12:34 -Bean 'sessionDAO' of type [org.apache.shiro.session.mgt.eis.MemorySessionDAO] is not eligible for getting processed by all BeanPostProcessors (for example: not eligible for auto-proxying)
2020-05-11 23:12:34 -Bean 'sessionManager' of type [org.apache.shiro.web.session.mgt.DefaultWebSessionManager] is not eligible for getting processed by all BeanPostProcessors (for example: not eligible for auto-proxying)
2020-05-11 23:12:34 -Bean 'securityManager' of type [org.apache.shiro.web.mgt.DefaultWebSecurityManager] is not eligible for getting processed by all BeanPostProcessors (for example: not eligible for auto-proxying)
2020-05-11 23:12:34 -Bean 'authorizationAttributeSourceAdvisor' of type [org.apache.shiro.spring.security.interceptor.AuthorizationAttributeSourceAdvisor] is not eligible for getting processed by all BeanPostProcessors (for example: not eligible for auto-proxying)
2020-05-11 23:12:35 -Tomcat initialized with port(s): 80 (http)
2020-05-11 23:12:35 -Initializing ProtocolHandler ["http-nio-80"]
2020-05-11 23:12:35 -Starting service [Tomcat]
2020-05-11 23:12:35 -Starting Servlet Engine: Apache Tomcat/8.5.31
2020-05-11 23:12:35 -The APR based Apache Tomcat Native library which allows optimal performance in production environments was not found on the java.library.path: [E:\IT\IDEA\IDEA 2019.3.3\jbr\bin;C:\WINDOWS\Sun\Java\bin;C:\WINDOWS\system32;C:\WINDOWS;E:\IT\java\jdk-9.0.4\bin;E:\IT\java\jre-9.0.4\bin;C:\Program Files (x86)\Common Files\Oracle\Java\javapath;C:\Windows\system32;C:\Windows;C:\Windows\System32\Wbem;C:\Windows\System32\WindowsPowerShell\v1.0\;C:\Program Files (x86)\NVIDIA Corporation\PhysX\Common;C:\WINDOWS\system32;C:\WINDOWS;C:\WINDOWS\System32\Wbem;C:\WINDOWS\System32\WindowsPowerShell\v1.0\;C:\adb;E:\IT\ecli\apache-maven-3.5.3-bin\apache-maven-3.5.3\bin;";E:\IT\Android\android-sdk_r24.4.1-windows\android-sdk-windows\platform-tools;E:\IT\Android\android-sdk_r24.4.1-windows\android-sdk-windows\tools;";C:\Program Files (x86)\Common Files\Thunder Network\KanKan\Codecs;E:\IT\git1\Git\cmd;E:\IT\git1\Git\bin;C:\Users\miku\AppData\Local\Microsoft\WindowsApps;D:\fiddler;C:\Users\miku\AppData\Local\GitHubDesktop\bin;E:\IT\IDEA\IntelliJ IDEA 2018.3.3\bin;C:\Users\miku\AppData\Local\BypassRuntm;E:\IT\IDEA\IDEA 2019.3.3\bin;;.]
2020-05-11 23:12:36 -Initializing Spring embedded WebApplicationContext
2020-05-11 23:12:36 -Root WebApplicationContext: initialization completed in 11591 ms
2020-05-11 23:12:36 -Mapping filter: 'characterEncodingFilter' to: [/*]
2020-05-11 23:12:36 -Mapping filter: 'hiddenHttpMethodFilter' to: [/*]
2020-05-11 23:12:36 -Mapping filter: 'httpPutFormContentFilter' to: [/*]
2020-05-11 23:12:36 -Mapping filter: 'requestContextFilter' to: [/*]
2020-05-11 23:12:36 -Filter xssFilter was not registered (disabled)
2020-05-11 23:12:36 -Mapping filter: 'webStatFilter' to urls: [/*]
2020-05-11 23:12:36 -Mapping filter: 'shiroFilterFactoryBean' to: [/*]
2020-05-11 23:12:36 -Servlet statViewServlet mapped to [/druid/*]
2020-05-11 23:12:36 -Servlet dispatcherServlet mapped to [/]
2020-05-11 23:12:38 -{dataSource-1} inited
2020-05-11 23:12:40 -ProcessEngine default created
2020-05-11 23:12:41 -Initializing ExecutorService  'clientInboundChannelExecutor'
2020-05-11 23:12:41 -Initializing ExecutorService  'clientOutboundChannelExecutor'
2020-05-11 23:12:41 -ApplicationContext registed-->org.springframework.boot.web.servlet.context.AnnotationConfigServletWebServerApplicationContext@336f1079: startup date [Mon May 11 23:12:24 CST 2020]; root of context hierarchy
2020-05-11 23:12:42 -Using default implementation for ThreadExecutor
2020-05-11 23:12:42 -Initialized Scheduler Signaller of type: class org.quartz.core.SchedulerSignalerImpl
2020-05-11 23:12:42 -Quartz Scheduler v.2.2.1 created.
2020-05-11 23:12:42 -RAMJobStore initialized.
2020-05-11 23:12:42 -Scheduler meta-data: Quartz Scheduler (v2.2.1) 'schedulerFactoryBean' with instanceId 'NON_CLUSTERED'
  Scheduler class: 'org.quartz.core.QuartzScheduler' - running locally.
  NOT STARTED.
  Currently in standby mode.
  Number of jobs executed: 0
  Using thread pool 'org.quartz.simpl.SimpleThreadPool' - with 10 threads.
  Using job-store 'org.quartz.simpl.RAMJobStore' - which does not support persistence. and is not clustered.

2020-05-11 23:12:42 -Quartz scheduler 'schedulerFactoryBean' initialized from an externally provided properties instance.
2020-05-11 23:12:42 -Quartz scheduler version: 2.2.1
2020-05-11 23:12:42 -JobFactory set to: com.bootdo.common.quartz.factory.JobFactory@34fcc5e3
2020-05-11 23:12:44 -Mapped "{[/activiti/customActivities/add],methods=[GET]}" onto java.lang.String com.bootdo.activiti.controller.CustomActivitiesController.add()
2020-05-11 23:12:44 -Mapped "{[/activiti/customActivities/remove],methods=[POST]}" onto public com.bootdo.common.utils.R com.bootdo.activiti.controller.CustomActivitiesController.remove(java.lang.Integer)
2020-05-11 23:12:44 -Mapped "{[/activiti/customActivities/batchRemove],methods=[POST]}" onto public com.bootdo.common.utils.R com.bootdo.activiti.controller.CustomActivitiesController.remove(java.lang.Integer[])
2020-05-11 23:12:44 -Mapped "{[/activiti/customActivities/update]}" onto public com.bootdo.common.utils.R com.bootdo.activiti.controller.CustomActivitiesController.update(com.bootdo.activiti.domain.CustomActivitiesDO)
2020-05-11 23:12:44 -Mapped "{[/activiti/customActivities/list],methods=[GET]}" onto public com.bootdo.common.utils.PageUtils com.bootdo.activiti.controller.CustomActivitiesController.list(java.util.Map<java.lang.String, java.lang.Object>)
2020-05-11 23:12:44 -Mapped "{[/activiti/customActivities/save],methods=[POST]}" onto public com.bootdo.common.utils.R com.bootdo.activiti.controller.CustomActivitiesController.save(com.bootdo.activiti.domain.CustomActivitiesDO)
2020-05-11 23:12:44 -Mapped "{[/activiti/customActivities/edit/{id}],methods=[GET]}" onto java.lang.String com.bootdo.activiti.controller.CustomActivitiesController.edit(java.lang.Integer,org.springframework.ui.Model)
2020-05-11 23:12:44 -Mapped "{[/activiti/customActivities],methods=[GET]}" onto java.lang.String com.bootdo.activiti.controller.CustomActivitiesController.CustomActivities(java.lang.String,org.springframework.ui.Model)
2020-05-11 23:12:44 -Mapped "{[/activiti/model/{id}],methods=[DELETE]}" onto public com.bootdo.common.utils.R com.bootdo.activiti.controller.ModelController.remove(java.lang.String)
2020-05-11 23:12:44 -Mapped "{[/activiti/model/list],methods=[GET]}" onto com.bootdo.common.utils.PageUtils com.bootdo.activiti.controller.ModelController.list(int,int)
2020-05-11 23:12:44 -Mapped "{[/activiti/model/batchRemove],methods=[POST]}" onto public com.bootdo.common.utils.R com.bootdo.activiti.controller.ModelController.batchRemove(java.lang.String[])
2020-05-11 23:12:44 -Mapped "{[/activiti/model],methods=[GET]}" onto org.springframework.web.servlet.ModelAndView com.bootdo.activiti.controller.ModelController.model()
2020-05-11 23:12:44 -Mapped "{[/activiti/model/{modelId}/save],methods=[PUT]}" onto public void com.bootdo.activiti.controller.ModelController.saveModel(java.lang.String,java.lang.String,java.lang.String,java.lang.String,java.lang.String)
2020-05-11 23:12:44 -Mapped "{[/activiti/model/deploy/{id}],methods=[POST]}" onto public com.bootdo.common.utils.R com.bootdo.activiti.controller.ModelController.deploy(java.lang.String) throws java.lang.Exception
2020-05-11 23:12:44 -Mapped "{[/activiti/model/edit/{id}],methods=[GET]}" onto public void com.bootdo.activiti.controller.ModelController.edit(javax.servlet.http.HttpServletResponse,java.lang.String)
2020-05-11 23:12:44 -Mapped "{[/activiti/model/export/{id}],methods=[GET]}" onto public void com.bootdo.activiti.controller.ModelController.exportToXml(java.lang.String,javax.servlet.http.HttpServletResponse)
2020-05-11 23:12:44 -Mapped "{[/activiti/editor/stencilset],methods=[GET],produces=[application/json;charset=utf-8]}" onto public java.lang.String com.bootdo.activiti.controller.ModelController.getStencilset()
2020-05-11 23:12:44 -Mapped "{[/activiti/model/{modelId}/json],methods=[GET]}" onto public com.fasterxml.jackson.databind.node.ObjectNode com.bootdo.activiti.controller.ModelController.getEditorJson(java.lang.String)
2020-05-11 23:12:44 -Mapped "{[/activiti/model/add]}" onto public void com.bootdo.activiti.controller.ModelController.newModel(javax.servlet.http.HttpServletResponse) throws java.io.UnsupportedEncodingException
2020-05-11 23:12:44 -Mapped "{[/activiti/process/add],methods=[GET]}" onto public org.springframework.web.servlet.ModelAndView com.bootdo.activiti.controller.ProcessController.add()
2020-05-11 23:12:44 -Mapped "{[/activiti/process/remove],methods=[POST]}" onto public com.bootdo.common.utils.R com.bootdo.activiti.controller.ProcessController.remove(java.lang.String)
2020-05-11 23:12:44 -Mapped "{[/activiti/process/list],methods=[GET]}" onto com.bootdo.common.utils.PageUtils com.bootdo.activiti.controller.ProcessController.list(int,int)
2020-05-11 23:12:44 -Mapped "{[/activiti/process/batchRemove],methods=[POST]}" onto public com.bootdo.common.utils.R com.bootdo.activiti.controller.ProcessController.batchRemove(java.lang.String[])
2020-05-11 23:12:44 -Mapped "{[/activiti/process/save],methods=[POST]}" onto public com.bootdo.common.utils.R com.bootdo.activiti.controller.ProcessController.deploy(java.lang.String,java.lang.String,org.springframework.web.multipart.MultipartFile)
2020-05-11 23:12:44 -Mapped "{[/activiti/process/convertToModel/{procDefId}]}" onto public com.bootdo.common.utils.R com.bootdo.activiti.controller.ProcessController.convertToModel(java.lang.String,org.springframework.web.servlet.mvc.support.RedirectAttributes) throws java.io.UnsupportedEncodingException,javax.xml.stream.XMLStreamException
2020-05-11 23:12:44 -Mapped "{[/activiti/process/resource/read/{xml}/{id}]}" onto public void com.bootdo.activiti.controller.ProcessController.resourceRead(java.lang.String,java.lang.String,javax.servlet.http.HttpServletResponse) throws java.lang.Exception
2020-05-11 23:12:44 -Mapped "{[/activiti/process/listHisTaskByInstanceId],methods=[GET]}" onto java.util.List com.bootdo.activiti.controller.ProcessController.listHisTaskByInstanceId(java.lang.String)
2020-05-11 23:12:44 -Mapped "{[/activiti/process],methods=[GET]}" onto org.springframework.web.servlet.ModelAndView com.bootdo.activiti.controller.ProcessController.process()
2020-05-11 23:12:44 -Mapped "{[/act/salary/form],methods=[GET]}" onto java.lang.String com.bootdo.activiti.controller.SalaryController.add()
2020-05-11 23:12:44 -Mapped "{[/act/salary/remove],methods=[POST]}" onto public com.bootdo.common.utils.R com.bootdo.activiti.controller.SalaryController.remove(java.lang.String)
2020-05-11 23:12:44 -Mapped "{[/act/salary/batchRemove],methods=[POST]}" onto public com.bootdo.common.utils.R com.bootdo.activiti.controller.SalaryController.remove(java.lang.String[])
2020-05-11 23:12:44 -Mapped "{[/act/salary/update]}" onto public com.bootdo.common.utils.R com.bootdo.activiti.controller.SalaryController.update(com.bootdo.activiti.domain.SalaryDO)
2020-05-11 23:12:44 -Mapped "{[/act/salary/list],methods=[GET]}" onto public com.bootdo.common.utils.PageUtils com.bootdo.activiti.controller.SalaryController.list(java.util.Map<java.lang.String, java.lang.Object>)
2020-05-11 23:12:44 -Mapped "{[/act/salary/form/{taskId}],methods=[GET]}" onto java.lang.String com.bootdo.activiti.controller.SalaryController.edit(java.lang.String,org.springframework.ui.Model)
2020-05-11 23:12:44 -Mapped "{[/act/salary],methods=[GET]}" onto java.lang.String com.bootdo.activiti.controller.SalaryController.Salary()
2020-05-11 23:12:44 -Mapped "{[/act/salary/save],methods=[POST]}" onto public com.bootdo.common.utils.R com.bootdo.activiti.controller.SalaryController.saveOrUpdate(com.bootdo.activiti.domain.SalaryDO)
2020-05-11 23:12:44 -Mapped "{[/activiti/task/gotoList],methods=[GET]}" onto com.bootdo.common.utils.PageUtils com.bootdo.activiti.controller.TaskController.list(int,int)
2020-05-11 23:12:44 -Mapped "{[/activiti/task/form/{procDefId}/{taskId}],methods=[GET]}" onto public void com.bootdo.activiti.controller.TaskController.form(java.lang.String,java.lang.String,javax.servlet.http.HttpServletResponse) throws java.io.IOException
2020-05-11 23:12:44 -Mapped "{[/activiti/task/goto],methods=[GET]}" onto public org.springframework.web.servlet.ModelAndView com.bootdo.activiti.controller.TaskController.gotoTask()
2020-05-11 23:12:44 -Mapped "{[/activiti/task/todoList],methods=[GET]}" onto java.util.List<com.bootdo.activiti.vo.TaskVO> com.bootdo.activiti.controller.TaskController.todoList()
2020-05-11 23:12:44 -Mapped "{[/activiti/task/form/{procDefId}],methods=[GET]}" onto public void com.bootdo.activiti.controller.TaskController.startForm(java.lang.String,javax.servlet.http.HttpServletResponse) throws java.io.IOException
2020-05-11 23:12:44 -Mapped "{[/activiti/task/trace/photo/{procDefId}/{execId}]}" onto public void com.bootdo.activiti.controller.TaskController.tracePhoto(java.lang.String,java.lang.String,javax.servlet.http.HttpServletResponse) throws java.lang.Exception
2020-05-11 23:12:44 -Mapped "{[/activiti/task/historyTask],methods=[GET]}" onto java.util.List com.bootdo.activiti.controller.TaskController.historyTask()
2020-05-11 23:12:44 -Mapped "{[/activiti/task/todo],methods=[GET]}" onto org.springframework.web.servlet.ModelAndView com.bootdo.activiti.controller.TaskController.todo()
2020-05-11 23:12:44 -Mapped "{[/activiti/task/hisActivityByTaskId],methods=[GET]}" onto java.util.List com.bootdo.activiti.controller.TaskController.hisActivityByTaskId(java.lang.String)
2020-05-11 23:12:44 -Mapped "{[/blog/open/list],methods=[GET]}" onto public com.bootdo.common.utils.PageUtils com.bootdo.blog.controller.BlogController.opentList(java.util.Map<java.lang.String, java.lang.Object>)
2020-05-11 23:12:44 -Mapped "{[/blog],methods=[GET]}" onto java.lang.String com.bootdo.blog.controller.BlogController.blog()
2020-05-11 23:12:44 -Mapped "{[/blog/open/post/{cid}],methods=[GET]}" onto java.lang.String com.bootdo.blog.controller.BlogController.post(java.lang.Long,org.springframework.ui.Model)
2020-05-11 23:12:44 -Mapped "{[/blog/open/page/{categories}],methods=[GET]}" onto java.lang.String com.bootdo.blog.controller.BlogController.about(java.lang.String,org.springframework.ui.Model)
2020-05-11 23:12:44 -Mapped "{[/blog/bContent/add],methods=[GET]}" onto java.lang.String com.bootdo.blog.controller.ContentController.add()
2020-05-11 23:12:44 -Mapped "{[/blog/bContent/remove],methods=[POST]}" onto public com.bootdo.common.utils.R com.bootdo.blog.controller.ContentController.remove(java.lang.Long)
2020-05-11 23:12:44 -Mapped "{[/blog/bContent/batchRemove],methods=[POST]}" onto public com.bootdo.common.utils.R com.bootdo.blog.controller.ContentController.remove(java.lang.Long[])
2020-05-11 23:12:44 -Mapped "{[/blog/bContent/update]}" onto public com.bootdo.common.utils.R com.bootdo.blog.controller.ContentController.update(com.bootdo.blog.domain.ContentDO)
2020-05-11 23:12:44 -Mapped "{[/blog/bContent/list],methods=[GET]}" onto public com.bootdo.common.utils.PageUtils com.bootdo.blog.controller.ContentController.list(java.util.Map<java.lang.String, java.lang.Object>)
2020-05-11 23:12:44 -Mapped "{[/blog/bContent/save],methods=[POST]}" onto public com.bootdo.common.utils.R com.bootdo.blog.controller.ContentController.save(com.bootdo.blog.domain.ContentDO)
2020-05-11 23:12:44 -Mapped "{[/blog/bContent/edit/{cid}],methods=[GET]}" onto java.lang.String com.bootdo.blog.controller.ContentController.edit(java.lang.Long,org.springframework.ui.Model)
2020-05-11 23:12:44 -Mapped "{[/blog/bContent],methods=[GET]}" onto java.lang.String com.bootdo.blog.controller.ContentController.bContent()
2020-05-11 23:12:44 -Mapped "{[/common/dict/add],methods=[GET]}" onto java.lang.String com.bootdo.common.controller.DictController.add()
2020-05-11 23:12:44 -Mapped "{[/common/dict/remove],methods=[POST]}" onto public com.bootdo.common.utils.R com.bootdo.common.controller.DictController.remove(java.lang.Long)
2020-05-11 23:12:44 -Mapped "{[/common/dict/batchRemove],methods=[POST]}" onto public com.bootdo.common.utils.R com.bootdo.common.controller.DictController.remove(java.lang.Long[])
2020-05-11 23:12:44 -Mapped "{[/common/dict/update]}" onto public com.bootdo.common.utils.R com.bootdo.common.controller.DictController.update(com.bootdo.common.domain.DictDO)
2020-05-11 23:12:44 -Mapped "{[/common/dict/list],methods=[GET]}" onto public com.bootdo.common.utils.PageUtils com.bootdo.common.controller.DictController.list(java.util.Map<java.lang.String, java.lang.Object>)
2020-05-11 23:12:44 -Mapped "{[/common/dict/save],methods=[POST]}" onto public com.bootdo.common.utils.R com.bootdo.common.controller.DictController.save(com.bootdo.common.domain.DictDO)
2020-05-11 23:12:44 -Mapped "{[/common/dict/type],methods=[GET]}" onto public java.util.List<com.bootdo.common.domain.DictDO> com.bootdo.common.controller.DictController.listType()
2020-05-11 23:12:44 -Mapped "{[/common/dict/edit/{id}],methods=[GET]}" onto java.lang.String com.bootdo.common.controller.DictController.edit(java.lang.Long,org.springframework.ui.Model)
2020-05-11 23:12:44 -Mapped "{[/common/dict],methods=[GET]}" onto java.lang.String com.bootdo.common.controller.DictController.dict()
2020-05-11 23:12:44 -Mapped "{[/common/dict/add/{type}/{description}],methods=[GET]}" onto java.lang.String com.bootdo.common.controller.DictController.addD(org.springframework.ui.Model,java.lang.String,java.lang.String)
2020-05-11 23:12:44 -Mapped "{[/common/dict/list/{type}],methods=[GET]}" onto public java.util.List<com.bootdo.common.domain.DictDO> com.bootdo.common.controller.DictController.listByType(java.lang.String)
2020-05-11 23:12:44 -Mapped "{[/common/sysFile/add],methods=[GET]}" onto java.lang.String com.bootdo.common.controller.FileController.add()
2020-05-11 23:12:44 -Mapped "{[/common/sysFile/remove],methods=[POST]}" onto public com.bootdo.common.utils.R com.bootdo.common.controller.FileController.remove(java.lang.Long,javax.servlet.http.HttpServletRequest)
2020-05-11 23:12:44 -Mapped "{[/common/sysFile/batchRemove],methods=[POST]}" onto public com.bootdo.common.utils.R com.bootdo.common.controller.FileController.remove(java.lang.Long[])
2020-05-11 23:12:44 -Mapped "{[/common/sysFile/update]}" onto public com.bootdo.common.utils.R com.bootdo.common.controller.FileController.update(com.bootdo.common.domain.FileDO)
2020-05-11 23:12:44 -Mapped "{[/common/sysFile/list],methods=[GET]}" onto public com.bootdo.common.utils.PageUtils com.bootdo.common.controller.FileController.list(java.util.Map<java.lang.String, java.lang.Object>)
2020-05-11 23:12:44 -Mapped "{[/common/sysFile/info/{id}]}" onto public com.bootdo.common.utils.R com.bootdo.common.controller.FileController.info(java.lang.Long)
2020-05-11 23:12:44 -Mapped "{[/common/sysFile/save],methods=[POST]}" onto public com.bootdo.common.utils.R com.bootdo.common.controller.FileController.save(com.bootdo.common.domain.FileDO)
2020-05-11 23:12:44 -Mapped "{[/common/sysFile/upload],methods=[POST]}" onto com.bootdo.common.utils.R com.bootdo.common.controller.FileController.upload(org.springframework.web.multipart.MultipartFile,javax.servlet.http.HttpServletRequest)
2020-05-11 23:12:44 -Mapped "{[/common/sysFile/edit],methods=[GET]}" onto java.lang.String com.bootdo.common.controller.FileController.edit(java.lang.Long,org.springframework.ui.Model)
2020-05-11 23:12:44 -Mapped "{[/common/sysFile],methods=[GET]}" onto java.lang.String com.bootdo.common.controller.FileController.sysFile(org.springframework.ui.Model)
2020-05-11 23:12:44 -Mapped "{[/common/generator/update],methods=[POST]}" onto com.bootdo.common.utils.R com.bootdo.common.controller.GeneratorController.update(java.util.Map<java.lang.String, java.lang.Object>)
2020-05-11 23:12:44 -Mapped "{[/common/generator/list],methods=[GET]}" onto java.util.List<java.util.Map<java.lang.String, java.lang.Object>> com.bootdo.common.controller.GeneratorController.list()
2020-05-11 23:12:44 -Mapped "{[/common/generator],methods=[GET]}" onto java.lang.String com.bootdo.common.controller.GeneratorController.generator()
2020-05-11 23:12:44 -Mapped "{[/common/generator/code/{tableName}]}" onto public void com.bootdo.common.controller.GeneratorController.code(javax.servlet.http.HttpServletRequest,javax.servlet.http.HttpServletResponse,java.lang.String) throws java.io.IOException
2020-05-11 23:12:44 -Mapped "{[/common/generator/batchCode]}" onto public void com.bootdo.common.controller.GeneratorController.batchCode(javax.servlet.http.HttpServletRequest,javax.servlet.http.HttpServletResponse,java.lang.String) throws java.io.IOException
2020-05-11 23:12:44 -Mapped "{[/common/generator/edit],methods=[GET]}" onto public java.lang.String com.bootdo.common.controller.GeneratorController.edit(org.springframework.ui.Model)
2020-05-11 23:12:44 -Mapped "{[/common/job/add],methods=[GET]}" onto java.lang.String com.bootdo.common.controller.JobController.add()
2020-05-11 23:12:44 -Mapped "{[/common/job/remove],methods=[POST]}" onto public com.bootdo.common.utils.R com.bootdo.common.controller.JobController.remove(java.lang.Long)
2020-05-11 23:12:44 -Mapped "{[/common/job/batchRemove],methods=[POST]}" onto public com.bootdo.common.utils.R com.bootdo.common.controller.JobController.remove(java.lang.Long[])
2020-05-11 23:12:44 -Mapped "{[/common/job/update],methods=[POST]}" onto public com.bootdo.common.utils.R com.bootdo.common.controller.JobController.update(com.bootdo.common.domain.TaskDO)
2020-05-11 23:12:44 -Mapped "{[/common/job/list],methods=[GET]}" onto public com.bootdo.common.utils.PageUtils com.bootdo.common.controller.JobController.list(java.util.Map<java.lang.String, java.lang.Object>)
2020-05-11 23:12:44 -Mapped "{[/common/job/info/{id}]}" onto public com.bootdo.common.utils.R com.bootdo.common.controller.JobController.info(java.lang.Long)
2020-05-11 23:12:44 -Mapped "{[/common/job/save],methods=[POST]}" onto public com.bootdo.common.utils.R com.bootdo.common.controller.JobController.save(com.bootdo.common.domain.TaskDO)
2020-05-11 23:12:44 -Mapped "{[/common/job/changeJobStatus],methods=[POST]}" onto public com.bootdo.common.utils.R com.bootdo.common.controller.JobController.changeJobStatus(java.lang.Long,java.lang.String)
2020-05-11 23:12:44 -Mapped "{[/common/job],methods=[GET]}" onto java.lang.String com.bootdo.common.controller.JobController.taskScheduleJob()
2020-05-11 23:12:44 -Mapped "{[/common/job/edit/{id}],methods=[GET]}" onto java.lang.String com.bootdo.common.controller.JobController.edit(java.lang.Long,org.springframework.ui.Model)
2020-05-11 23:12:44 -Mapped "{[/common/log/remove],methods=[POST]}" onto com.bootdo.common.utils.R com.bootdo.common.controller.LogController.remove(java.lang.Long)
2020-05-11 23:12:44 -Mapped "{[/common/log],methods=[GET]}" onto java.lang.String com.bootdo.common.controller.LogController.log()
2020-05-11 23:12:44 -Mapped "{[/common/log/list],methods=[GET]}" onto com.bootdo.common.domain.PageDO<com.bootdo.common.domain.LogDO> com.bootdo.common.controller.LogController.list(java.util.Map<java.lang.String, java.lang.Object>)
2020-05-11 23:12:44 -Mapped "{[/common/log/batchRemove],methods=[POST]}" onto com.bootdo.common.utils.R com.bootdo.common.controller.LogController.batchRemove(java.lang.Long[])
2020-05-11 23:12:44 -Mapped "{[/error],produces=[text/html]}" onto public org.springframework.web.servlet.ModelAndView com.bootdo.common.exception.MainsiteErrorController.errorHtml(javax.servlet.http.HttpServletRequest,javax.servlet.http.HttpServletResponse)
2020-05-11 23:12:44 -Mapped "{[/error]}" onto public com.bootdo.common.utils.R com.bootdo.common.exception.MainsiteErrorController.handleError(javax.servlet.http.HttpServletRequest,javax.servlet.http.HttpServletResponse)
2020-05-11 23:12:44 -Mapped "{[/oa/leave/add],methods=[GET]}" onto java.lang.String com.bootdo.oa.controller.LeaveController.add()
2020-05-11 23:12:44 -Mapped "{[/oa/leave/batchRemove],methods=[POST]}" onto public com.bootdo.common.utils.R com.bootdo.oa.controller.LeaveController.remove(java.lang.String[])
2020-05-11 23:12:44 -Mapped "{[/oa/leave/remove],methods=[POST]}" onto public com.bootdo.common.utils.R com.bootdo.oa.controller.LeaveController.remove(java.lang.String)
2020-05-11 23:12:44 -Mapped "{[/oa/leave/update]}" onto public com.bootdo.common.utils.R com.bootdo.oa.controller.LeaveController.update(com.bootdo.oa.domain.LeaveDO,java.lang.String)
2020-05-11 23:12:44 -Mapped "{[/oa/leave/list],methods=[GET]}" onto public com.bootdo.common.utils.PageUtils com.bootdo.oa.controller.LeaveController.list(java.util.Map<java.lang.String, java.lang.Object>)
2020-05-11 23:12:44 -Mapped "{[/oa/leave/save],methods=[POST]}" onto public com.bootdo.common.utils.R com.bootdo.oa.controller.LeaveController.save(com.bootdo.oa.domain.LeaveDO)
2020-05-11 23:12:44 -Mapped "{[/oa/leave/edit/{id}],methods=[GET]}" onto java.lang.String com.bootdo.oa.controller.LeaveController.edit(java.lang.String,org.springframework.ui.Model)
2020-05-11 23:12:44 -Mapped "{[/oa/leave],methods=[GET]}" onto java.lang.String com.bootdo.oa.controller.LeaveController.Leave()
2020-05-11 23:12:44 -Mapped "{[/oa/leave/list2],methods=[GET]}" onto public com.bootdo.common.utils.PageUtils com.bootdo.oa.controller.LeaveController.list2(java.util.Map<java.lang.String, java.lang.Object>)
2020-05-11 23:12:44 -Mapped "{[/oa/leave/listCurrentStart],methods=[GET]}" onto public com.bootdo.common.utils.PageUtils com.bootdo.oa.controller.LeaveController.listCurrentStart(java.util.Map<java.lang.String, java.lang.Object>)
2020-05-11 23:12:44 -Mapped "{[/oa/notify/add],methods=[GET]}" onto java.lang.String com.bootdo.oa.controller.NotifyController.add()
2020-05-11 23:12:44 -Mapped "{[/oa/notify/remove],methods=[POST]}" onto public com.bootdo.common.utils.R com.bootdo.oa.controller.NotifyController.remove(java.lang.Long)
2020-05-11 23:12:44 -Mapped "{[/oa/notify/batchRemove],methods=[POST]}" onto public com.bootdo.common.utils.R com.bootdo.oa.controller.NotifyController.remove(java.lang.Long[])
2020-05-11 23:12:44 -Mapped "{[/oa/notify/update]}" onto public com.bootdo.common.utils.R com.bootdo.oa.controller.NotifyController.update(com.bootdo.oa.domain.NotifyDO)
2020-05-11 23:12:44 -Mapped "{[/oa/notify/list],methods=[GET]}" onto public com.bootdo.common.utils.PageUtils com.bootdo.oa.controller.NotifyController.list(java.util.Map<java.lang.String, java.lang.Object>)
2020-05-11 23:12:44 -Mapped "{[/oa/notify/message],methods=[GET]}" onto com.bootdo.common.utils.PageUtils com.bootdo.oa.controller.NotifyController.message()
2020-05-11 23:12:44 -Mapped "{[/oa/notify/read/{id}],methods=[GET]}" onto java.lang.String com.bootdo.oa.controller.NotifyController.read(java.lang.Long,org.springframework.ui.Model)
2020-05-11 23:12:44 -Mapped "{[/oa/notify/save],methods=[POST]}" onto public com.bootdo.common.utils.R com.bootdo.oa.controller.NotifyController.save(com.bootdo.oa.domain.NotifyDO)
2020-05-11 23:12:44 -Mapped "{[/oa/notify/edit/{id}],methods=[GET]}" onto java.lang.String com.bootdo.oa.controller.NotifyController.edit(java.lang.Long,org.springframework.ui.Model)
2020-05-11 23:12:44 -Mapped "{[/oa/notify],methods=[GET]}" onto java.lang.String com.bootdo.oa.controller.NotifyController.oaNotify()
2020-05-11 23:12:44 -Mapped "{[/oa/notify/selfList],methods=[GET]}" onto com.bootdo.common.utils.PageUtils com.bootdo.oa.controller.NotifyController.selfList(java.util.Map<java.lang.String, java.lang.Object>)
2020-05-11 23:12:44 -Mapped "{[/oa/notify/selfNotify],methods=[GET]}" onto java.lang.String com.bootdo.oa.controller.NotifyController.selefNotify()
2020-05-11 23:12:44 -Mapped "{[/oa/work],methods=[GET]}" onto org.springframework.web.servlet.ModelAndView com.bootdo.oa.controller.WorkController.work()
2020-05-11 23:12:44 -Mapped "{[/oa/work/listTodoWork],methods=[GET]}" onto java.util.List com.bootdo.oa.controller.WorkController.listTodoWork()
2020-05-11 23:12:44 -Mapped "{[/oa/work/handleWork/process-leave/{taskKey}],methods=[GET]}" onto org.springframework.web.servlet.ModelAndView com.bootdo.oa.controller.WorkController.handleWork(java.lang.String,java.lang.String,org.springframework.ui.Model)
2020-05-11 23:12:44 -Mapped "{[/system/sysDept/add/{pId}],methods=[GET]}" onto java.lang.String com.bootdo.system.controller.DeptController.add(java.lang.Long,org.springframework.ui.Model)
2020-05-11 23:12:44 -Mapped "{[/system/sysDept/remove],methods=[POST]}" onto public com.bootdo.common.utils.R com.bootdo.system.controller.DeptController.remove(java.lang.Long)
2020-05-11 23:12:44 -Mapped "{[/system/sysDept/batchRemove],methods=[POST]}" onto public com.bootdo.common.utils.R com.bootdo.system.controller.DeptController.remove(java.lang.Long[])
2020-05-11 23:12:44 -Mapped "{[/system/sysDept/update]}" onto public com.bootdo.common.utils.R com.bootdo.system.controller.DeptController.update(com.bootdo.system.domain.DeptDO)
2020-05-11 23:12:44 -Mapped "{[/system/sysDept/list],methods=[GET]}" onto public java.util.List<com.bootdo.system.domain.DeptDO> com.bootdo.system.controller.DeptController.list()
2020-05-11 23:12:44 -Mapped "{[/system/sysDept/save],methods=[POST]}" onto public com.bootdo.common.utils.R com.bootdo.system.controller.DeptController.save(com.bootdo.system.domain.DeptDO)
2020-05-11 23:12:44 -Mapped "{[/system/sysDept/tree],methods=[GET]}" onto public com.bootdo.common.domain.Tree<com.bootdo.system.domain.DeptDO> com.bootdo.system.controller.DeptController.tree()
2020-05-11 23:12:44 -Mapped "{[/system/sysDept/edit/{deptId}],methods=[GET]}" onto java.lang.String com.bootdo.system.controller.DeptController.edit(java.lang.Long,org.springframework.ui.Model)
2020-05-11 23:12:44 -Mapped "{[/system/sysDept],methods=[GET]}" onto java.lang.String com.bootdo.system.controller.DeptController.dept()
2020-05-11 23:12:44 -Mapped "{[/system/sysDept/treeView],methods=[GET]}" onto java.lang.String com.bootdo.system.controller.DeptController.treeView()
2020-05-11 23:12:44 -Mapped "{[/index],methods=[GET]}" onto java.lang.String com.bootdo.system.controller.LoginController.index(org.springframework.ui.Model)
2020-05-11 23:12:44 -Mapped "{[/main],methods=[GET]}" onto java.lang.String com.bootdo.system.controller.LoginController.main()
2020-05-11 23:12:44 -Mapped "{[/login],methods=[GET]}" onto java.lang.String com.bootdo.system.controller.LoginController.login(org.springframework.ui.Model)
2020-05-11 23:12:44 -Mapped "{[/logout],methods=[GET]}" onto java.lang.String com.bootdo.system.controller.LoginController.logout()
2020-05-11 23:12:44 -Mapped "{[/getVerify],methods=[GET]}" onto public void com.bootdo.system.controller.LoginController.getVerify(javax.servlet.http.HttpServletRequest,javax.servlet.http.HttpServletResponse)
2020-05-11 23:12:44 -Mapped "{[/ || ],methods=[GET]}" onto java.lang.String com.bootdo.system.controller.LoginController.welcome(org.springframework.ui.Model)
2020-05-11 23:12:44 -Mapped "{[/login],methods=[POST]}" onto com.bootdo.common.utils.R com.bootdo.system.controller.LoginController.ajaxLogin(java.lang.String,java.lang.String,java.lang.String,javax.servlet.http.HttpServletRequest)
2020-05-11 23:12:44 -Mapped "{[/sys/menu/add/{pId}],methods=[GET]}" onto java.lang.String com.bootdo.system.controller.MenuController.add(org.springframework.ui.Model,java.lang.Long)
2020-05-11 23:12:44 -Mapped "{[/sys/menu/remove],methods=[POST]}" onto com.bootdo.common.utils.R com.bootdo.system.controller.MenuController.remove(java.lang.Long)
2020-05-11 23:12:44 -Mapped "{[/sys/menu/update],methods=[POST]}" onto com.bootdo.common.utils.R com.bootdo.system.controller.MenuController.update(com.bootdo.system.domain.MenuDO)
2020-05-11 23:12:44 -Mapped "{[/sys/menu/list]}" onto java.util.List<com.bootdo.system.domain.MenuDO> com.bootdo.system.controller.MenuController.list(java.util.Map<java.lang.String, java.lang.Object>)
2020-05-11 23:12:44 -Mapped "{[/sys/menu/save],methods=[POST]}" onto com.bootdo.common.utils.R com.bootdo.system.controller.MenuController.save(com.bootdo.system.domain.MenuDO)
2020-05-11 23:12:44 -Mapped "{[/sys/menu/tree/{roleId}],methods=[GET]}" onto com.bootdo.common.domain.Tree<com.bootdo.system.domain.MenuDO> com.bootdo.system.controller.MenuController.tree(java.lang.Long)
2020-05-11 23:12:44 -Mapped "{[/sys/menu/tree],methods=[GET]}" onto com.bootdo.common.domain.Tree<com.bootdo.system.domain.MenuDO> com.bootdo.system.controller.MenuController.tree()
2020-05-11 23:12:44 -Mapped "{[/sys/menu/edit/{id}],methods=[GET]}" onto java.lang.String com.bootdo.system.controller.MenuController.edit(org.springframework.ui.Model,java.lang.Long)
2020-05-11 23:12:44 -Mapped "{[/sys/menu],methods=[GET]}" onto java.lang.String com.bootdo.system.controller.MenuController.menu(org.springframework.ui.Model)
2020-05-11 23:12:44 -Mapped "{[/sys/role/add],methods=[GET]}" onto java.lang.String com.bootdo.system.controller.RoleController.add()
2020-05-11 23:12:44 -Mapped "{[/sys/role/update],methods=[POST]}" onto com.bootdo.common.utils.R com.bootdo.system.controller.RoleController.update(com.bootdo.system.domain.RoleDO)
2020-05-11 23:12:44 -Mapped "{[/sys/role/list],methods=[GET]}" onto java.util.List<com.bootdo.system.domain.RoleDO> com.bootdo.system.controller.RoleController.list()
2020-05-11 23:12:44 -Mapped "{[/sys/role/remove],methods=[POST]}" onto com.bootdo.common.utils.R com.bootdo.system.controller.RoleController.save(java.lang.Long)
2020-05-11 23:12:44 -Mapped "{[/sys/role/save],methods=[POST]}" onto com.bootdo.common.utils.R com.bootdo.system.controller.RoleController.save(com.bootdo.system.domain.RoleDO)
2020-05-11 23:12:44 -Mapped "{[/sys/role/batchRemove],methods=[POST]}" onto com.bootdo.common.utils.R com.bootdo.system.controller.RoleController.batchRemove(java.lang.Long[])
2020-05-11 23:12:44 -Mapped "{[/sys/role],methods=[GET]}" onto java.lang.String com.bootdo.system.controller.RoleController.role()
2020-05-11 23:12:44 -Mapped "{[/sys/role/edit/{id}],methods=[GET]}" onto java.lang.String com.bootdo.system.controller.RoleController.edit(java.lang.Long,org.springframework.ui.Model)
2020-05-11 23:12:44 -Mapped "{[/sys/online/list]}" onto public java.util.List<com.bootdo.system.domain.UserOnline> com.bootdo.system.controller.SessionController.list()
2020-05-11 23:12:44 -Mapped "{[/sys/online/sessionList]}" onto public java.util.Collection<org.apache.shiro.session.Session> com.bootdo.system.controller.SessionController.sessionList()
2020-05-11 23:12:44 -Mapped "{[/sys/online],methods=[GET]}" onto public java.lang.String com.bootdo.system.controller.SessionController.online()
2020-05-11 23:12:44 -Mapped "{[/sys/online/forceLogout/{sessionId}]}" onto public com.bootdo.common.utils.R com.bootdo.system.controller.SessionController.forceLogout(java.lang.String,org.springframework.web.servlet.mvc.support.RedirectAttributes)
2020-05-11 23:12:44 -Mapped "{[/sys/user/exit],methods=[POST]}" onto boolean com.bootdo.system.controller.UserController.exit(java.util.Map<java.lang.String, java.lang.Object>)
2020-05-11 23:12:44 -Mapped "{[/sys/user/add],methods=[GET]}" onto java.lang.String com.bootdo.system.controller.UserController.add(org.springframework.ui.Model)
2020-05-11 23:12:44 -Mapped "{[/sys/user/remove],methods=[POST]}" onto com.bootdo.common.utils.R com.bootdo.system.controller.UserController.remove(java.lang.Long)
2020-05-11 23:12:44 -Mapped "{[/sys/user/update],methods=[POST]}" onto com.bootdo.common.utils.R com.bootdo.system.controller.UserController.update(com.bootdo.system.domain.UserDO)
2020-05-11 23:12:44 -Mapped "{[/sys/user/list],methods=[GET]}" onto com.bootdo.common.utils.PageUtils com.bootdo.system.controller.UserController.list(java.util.Map<java.lang.String, java.lang.Object>)
2020-05-11 23:12:44 -Mapped "{[/sys/user/save],methods=[POST]}" onto com.bootdo.common.utils.R com.bootdo.system.controller.UserController.save(com.bootdo.system.domain.UserDO)
2020-05-11 23:12:44 -Mapped "{[/sys/user],methods=[GET]}" onto java.lang.String com.bootdo.system.controller.UserController.user(org.springframework.ui.Model)
2020-05-11 23:12:44 -Mapped "{[/sys/user/batchRemove],methods=[POST]}" onto com.bootdo.common.utils.R com.bootdo.system.controller.UserController.batchRemove(java.lang.Long[])
2020-05-11 23:12:44 -Mapped "{[/sys/user/tree],methods=[GET]}" onto public com.bootdo.common.domain.Tree<com.bootdo.system.domain.DeptDO> com.bootdo.system.controller.UserController.tree()
2020-05-11 23:12:44 -Mapped "{[/sys/user/edit/{id}],methods=[GET]}" onto java.lang.String com.bootdo.system.controller.UserController.edit(org.springframework.ui.Model,java.lang.Long)
2020-05-11 23:12:44 -Mapped "{[/sys/user/treeView],methods=[GET]}" onto java.lang.String com.bootdo.system.controller.UserController.treeView(org.springframework.ui.Model,java.lang.String)
2020-05-11 23:12:44 -Mapped "{[/sys/user/resetPwd],methods=[POST]}" onto com.bootdo.common.utils.R com.bootdo.system.controller.UserController.resetPwd(com.bootdo.system.vo.UserVO)
2020-05-11 23:12:44 -Mapped "{[/sys/user/resetPwd/{id}],methods=[GET]}" onto java.lang.String com.bootdo.system.controller.UserController.resetPwd(java.lang.Long,org.springframework.ui.Model)
2020-05-11 23:12:44 -Mapped "{[/sys/user/updatePeronal],methods=[POST]}" onto com.bootdo.common.utils.R com.bootdo.system.controller.UserController.updatePeronal(com.bootdo.system.domain.UserDO)
2020-05-11 23:12:44 -Mapped "{[/sys/user/adminResetPwd],methods=[POST]}" onto com.bootdo.common.utils.R com.bootdo.system.controller.UserController.adminResetPwd(com.bootdo.system.vo.UserVO)
2020-05-11 23:12:44 -Mapped "{[/sys/user/personal],methods=[GET]}" onto java.lang.String com.bootdo.system.controller.UserController.personal(org.springframework.ui.Model)
2020-05-11 23:12:44 -Mapped "{[/sys/user/uploadImg],methods=[POST]}" onto com.bootdo.common.utils.R com.bootdo.system.controller.UserController.uploadImg(org.springframework.web.multipart.MultipartFile,java.lang.String,javax.servlet.http.HttpServletRequest)
2020-05-11 23:12:44 -Mapped "{[/testplatform/product/list]}" onto public com.bootdo.common.utils.R com.platform.testcase.controller.TestCaseController.list(java.util.Map<java.lang.String, java.lang.Object>)
2020-05-11 23:12:44 -Mapped "{[/testplatform/product/batchDelete]}" onto public com.bootdo.common.utils.R com.platform.testcase.controller.TestCaseController.batchDelete(java.lang.String)
2020-05-11 23:12:44 -Mapped "{[/testplatform/product/delete.do],methods=[POST]}" onto public com.bootdo.common.utils.R com.platform.testcase.controller.TestCaseController.deleteProduct(java.lang.Long)
2020-05-11 23:12:44 -Mapped "{[/testplatform/product/save.do],methods=[POST]}" onto public com.bootdo.common.utils.R com.platform.testcase.controller.TestCaseController.AddProduct(com.platform.testcase.pojo.Product)
2020-05-11 23:12:44 -Mapped "{[/v2/api-docs],methods=[GET],produces=[application/json || application/hal+json]}" onto public org.springframework.http.ResponseEntity<springfox.documentation.spring.web.json.Json> springfox.documentation.swagger2.web.Swagger2Controller.getDocumentation(java.lang.String,javax.servlet.http.HttpServletRequest)
2020-05-11 23:12:44 -Mapped "{[/swagger-resources/configuration/security]}" onto org.springframework.http.ResponseEntity<springfox.documentation.swagger.web.SecurityConfiguration> springfox.documentation.swagger.web.ApiResourceController.securityConfiguration()
2020-05-11 23:12:44 -Mapped "{[/swagger-resources/configuration/ui]}" onto org.springframework.http.ResponseEntity<springfox.documentation.swagger.web.UiConfiguration> springfox.documentation.swagger.web.ApiResourceController.uiConfiguration()
2020-05-11 23:12:44 -Mapped "{[/swagger-resources]}" onto org.springframework.http.ResponseEntity<java.util.List<springfox.documentation.swagger.web.SwaggerResource>> springfox.documentation.swagger.web.ApiResourceController.swaggerResources()
2020-05-11 23:12:44 -Initializing ExecutorService  'messageBrokerTaskScheduler'
2020-05-11 23:12:45 -Mapped URL path [/endpointChat/**] onto handler of type [class org.springframework.web.socket.sockjs.support.SockJsHttpRequestHandler]
2020-05-11 23:12:45 -Initializing ExecutorService  'brokerChannelExecutor'
2020-05-11 23:12:45 -Mapped URL path [/**/favicon.ico] onto handler of type [class org.springframework.web.servlet.resource.ResourceHttpRequestHandler]
2020-05-11 23:12:45 -Looking for @ControllerAdvice: org.springframework.boot.web.servlet.context.AnnotationConfigServletWebServerApplicationContext@336f1079: startup date [Mon May 11 23:12:24 CST 2020]; root of context hierarchy
2020-05-11 23:12:45 -Mapped URL path [/webjars/**] onto handler of type [class org.springframework.web.servlet.resource.ResourceHttpRequestHandler]
2020-05-11 23:12:45 -Mapped URL path [/**] onto handler of type [class org.springframework.web.servlet.resource.ResourceHttpRequestHandler]
2020-05-11 23:12:45 -Mapped URL path [/files/**] onto handler of type [class org.springframework.web.servlet.resource.ResourceHttpRequestHandler]
2020-05-11 23:12:45 -Detected @ExceptionHandler methods in BDExceptionHandler
2020-05-11 23:12:46 -[THYMELEAF][main] Template Mode 'LEGACYHTML5' is deprecated. Using Template Mode 'HTML' instead.
2020-05-11 23:12:49 -Registering beans for JMX exposure on startup
2020-05-11 23:12:49 -Bean with name 'dataSource' has been autodetected for JMX exposure
2020-05-11 23:12:49 -Located MBean 'dataSource': registering with JMX server as MBean [com.alibaba.druid.pool:name=dataSource,type=DruidDataSource]
2020-05-11 23:12:49 -Starting beans in phase 2147483647
2020-05-11 23:12:49 -Context refreshed
2020-05-11 23:12:49 -Found 1 custom documentation plugin(s)
2020-05-11 23:12:49 -Scanning for api listing references
2020-05-11 23:12:49 -Generating unique operation named: removeUsingPOST_1
2020-05-11 23:12:50 -Generating unique operation named: addUsingGET_1
2020-05-11 23:12:50 -Generating unique operation named: editUsingGET_1
2020-05-11 23:12:50 -Generating unique operation named: listUsingGET_1
2020-05-11 23:12:50 -Generating unique operation named: removeUsingPOST_2
2020-05-11 23:12:50 -Generating unique operation named: removeUsingPOST_3
2020-05-11 23:12:50 -Generating unique operation named: saveUsingPOST_1
2020-05-11 23:12:50 -Generating unique operation named: updateUsingGET_1
2020-05-11 23:12:50 -Generating unique operation named: updateUsingHEAD_1
2020-05-11 23:12:50 -Generating unique operation named: updateUsingPOST_1
2020-05-11 23:12:50 -Generating unique operation named: updateUsingPUT_1
2020-05-11 23:12:50 -Generating unique operation named: updateUsingPATCH_1
2020-05-11 23:12:50 -Generating unique operation named: updateUsingDELETE_1
2020-05-11 23:12:50 -Generating unique operation named: updateUsingOPTIONS_1
2020-05-11 23:12:50 -Generating unique operation named: updateUsingTRACE_1
2020-05-11 23:12:50 -Generating unique operation named: addUsingGET_2
2020-05-11 23:12:50 -Generating unique operation named: editUsingGET_2
2020-05-11 23:12:50 -Generating unique operation named: listUsingGET_2
2020-05-11 23:12:50 -Generating unique operation named: removeUsingPOST_4
2020-05-11 23:12:50 -Generating unique operation named: removeUsingPOST_5
2020-05-11 23:12:50 -Generating unique operation named: saveUsingPOST_2
2020-05-11 23:12:50 -Generating unique operation named: updateUsingGET_2
2020-05-11 23:12:50 -Generating unique operation named: updateUsingHEAD_2
2020-05-11 23:12:50 -Generating unique operation named: updateUsingPOST_2
2020-05-11 23:12:50 -Generating unique operation named: updateUsingPUT_2
2020-05-11 23:12:50 -Generating unique operation named: updateUsingPATCH_2
2020-05-11 23:12:50 -Generating unique operation named: updateUsingDELETE_2
2020-05-11 23:12:50 -Generating unique operation named: updateUsingOPTIONS_2
2020-05-11 23:12:50 -Generating unique operation named: updateUsingTRACE_2
2020-05-11 23:12:50 -Generating unique operation named: addUsingGET_3
2020-05-11 23:12:50 -Generating unique operation named: editUsingGET_3
2020-05-11 23:12:50 -Generating unique operation named: listUsingGET_3
2020-05-11 23:12:50 -Generating unique operation named: removeUsingPOST_6
2020-05-11 23:12:50 -Generating unique operation named: removeUsingPOST_7
2020-05-11 23:12:50 -Generating unique operation named: saveUsingPOST_3
2020-05-11 23:12:50 -Generating unique operation named: updateUsingGET_3
2020-05-11 23:12:50 -Generating unique operation named: updateUsingHEAD_3
2020-05-11 23:12:50 -Generating unique operation named: updateUsingPOST_3
2020-05-11 23:12:50 -Generating unique operation named: updateUsingPUT_3
2020-05-11 23:12:50 -Generating unique operation named: updateUsingPATCH_3
2020-05-11 23:12:50 -Generating unique operation named: updateUsingDELETE_3
2020-05-11 23:12:50 -Generating unique operation named: updateUsingOPTIONS_3
2020-05-11 23:12:50 -Generating unique operation named: updateUsingTRACE_3
2020-05-11 23:12:50 -Generating unique operation named: addUsingGET_4
2020-05-11 23:12:50 -Generating unique operation named: editUsingGET_4
2020-05-11 23:12:50 -Generating unique operation named: listUsingGET_4
2020-05-11 23:12:50 -Generating unique operation named: removeUsingPOST_8
2020-05-11 23:12:50 -Generating unique operation named: removeUsingPOST_9
2020-05-11 23:12:50 -Generating unique operation named: saveUsingPOST_4
2020-05-11 23:12:50 -Generating unique operation named: updateUsingGET_4
2020-05-11 23:12:50 -Generating unique operation named: updateUsingHEAD_4
2020-05-11 23:12:50 -Generating unique operation named: updateUsingPOST_4
2020-05-11 23:12:50 -Generating unique operation named: updateUsingPUT_4
2020-05-11 23:12:50 -Generating unique operation named: updateUsingPATCH_4
2020-05-11 23:12:50 -Generating unique operation named: updateUsingDELETE_4
2020-05-11 23:12:50 -Generating unique operation named: updateUsingOPTIONS_4
2020-05-11 23:12:50 -Generating unique operation named: updateUsingTRACE_4
2020-05-11 23:12:50 -Generating unique operation named: editUsingGET_5
2020-05-11 23:12:50 -Generating unique operation named: listUsingGET_5
2020-05-11 23:12:50 -Generating unique operation named: updateUsingPOST_5
2020-05-11 23:12:50 -Generating unique operation named: addUsingGET_5
2020-05-11 23:12:50 -Generating unique operation named: editUsingGET_6
2020-05-11 23:12:50 -Generating unique operation named: infoUsingGET_1
2020-05-11 23:12:50 -Generating unique operation named: infoUsingHEAD_1
2020-05-11 23:12:50 -Generating unique operation named: infoUsingPOST_1
2020-05-11 23:12:50 -Generating unique operation named: infoUsingPUT_1
2020-05-11 23:12:50 -Generating unique operation named: infoUsingPATCH_1
2020-05-11 23:12:50 -Generating unique operation named: infoUsingDELETE_1
2020-05-11 23:12:50 -Generating unique operation named: infoUsingOPTIONS_1
2020-05-11 23:12:50 -Generating unique operation named: infoUsingTRACE_1
2020-05-11 23:12:50 -Generating unique operation named: listUsingGET_6
2020-05-11 23:12:50 -Generating unique operation named: removeUsingPOST_10
2020-05-11 23:12:50 -Generating unique operation named: removeUsingPOST_11
2020-05-11 23:12:50 -Generating unique operation named: saveUsingPOST_5
2020-05-11 23:12:50 -Generating unique operation named: updateUsingPOST_6
2020-05-11 23:12:50 -Generating unique operation named: addUsingGET_6
2020-05-11 23:12:50 -Generating unique operation named: editUsingGET_7
2020-05-11 23:12:50 -Generating unique operation named: listUsingGET_7
2020-05-11 23:12:50 -Generating unique operation named: removeUsingPOST_12
2020-05-11 23:12:50 -Generating unique operation named: removeUsingPOST_13
2020-05-11 23:12:50 -Generating unique operation named: saveUsingPOST_6
2020-05-11 23:12:50 -Generating unique operation named: updateUsingGET_5
2020-05-11 23:12:50 -Generating unique operation named: updateUsingHEAD_5
2020-05-11 23:12:50 -Generating unique operation named: updateUsingPOST_7
2020-05-11 23:12:50 -Generating unique operation named: updateUsingPUT_5
2020-05-11 23:12:50 -Generating unique operation named: updateUsingPATCH_5
2020-05-11 23:12:50 -Generating unique operation named: updateUsingDELETE_5
2020-05-11 23:12:50 -Generating unique operation named: updateUsingOPTIONS_5
2020-05-11 23:12:50 -Generating unique operation named: updateUsingTRACE_5
2020-05-11 23:12:50 -Generating unique operation named: listUsingGET_8
2020-05-11 23:12:50 -Generating unique operation named: removeUsingPOST_14
2020-05-11 23:12:50 -Generating unique operation named: welcomeUsingGET_1
2020-05-11 23:12:51 -Generating unique operation named: addUsingGET_7
2020-05-11 23:12:51 -Generating unique operation named: editUsingGET_8
2020-05-11 23:12:51 -Generating unique operation named: listUsingGET_9
2020-05-11 23:12:51 -Generating unique operation named: removeUsingPOST_15
2020-05-11 23:12:51 -Generating unique operation named: saveUsingPOST_7
2020-05-11 23:12:51 -Generating unique operation named: treeUsingGET_1
2020-05-11 23:12:51 -Generating unique operation named: treeUsingGET_2
2020-05-11 23:12:51 -Generating unique operation named: updateUsingPOST_8
2020-05-11 23:12:51 -Generating unique operation named: batchRemoveUsingPOST_1
2020-05-11 23:12:51 -Generating unique operation named: editUsingGET_9
2020-05-11 23:12:52 -Generating unique operation named: listUsingGET_10
2020-05-11 23:12:52 -Generating unique operation named: addUsingGET_8
2020-05-11 23:12:52 -Generating unique operation named: editUsingGET_10
2020-05-11 23:12:52 -Generating unique operation named: listUsingGET_11
2020-05-11 23:12:52 -Generating unique operation named: removeUsingPOST_16
2020-05-11 23:12:52 -Generating unique operation named: removeUsingPOST_17
2020-05-11 23:12:52 -Generating unique operation named: saveUsingPOST_8
2020-05-11 23:12:52 -Generating unique operation named: updateUsingGET_6
2020-05-11 23:12:52 -Generating unique operation named: updateUsingHEAD_6
2020-05-11 23:12:52 -Generating unique operation named: updateUsingPOST_9
2020-05-11 23:12:52 -Generating unique operation named: updateUsingPUT_6
2020-05-11 23:12:52 -Generating unique operation named: updateUsingPATCH_6
2020-05-11 23:12:52 -Generating unique operation named: updateUsingDELETE_6
2020-05-11 23:12:52 -Generating unique operation named: updateUsingOPTIONS_6
2020-05-11 23:12:52 -Generating unique operation named: updateUsingTRACE_6
2020-05-11 23:12:52 -Generating unique operation named: addUsingGET_9
2020-05-11 23:12:52 -Generating unique operation named: batchRemoveUsingPOST_2
2020-05-11 23:12:53 -Generating unique operation named: deployUsingPOST_1
2020-05-11 23:12:53 -Generating unique operation named: listUsingGET_12
2020-05-11 23:12:53 -Generating unique operation named: removeUsingPOST_18
2020-05-11 23:12:53 -Generating unique operation named: addUsingGET_10
2020-05-11 23:12:53 -Generating unique operation named: batchRemoveUsingPOST_3
2020-05-11 23:12:53 -Generating unique operation named: editUsingGET_11
2020-05-11 23:12:53 -Generating unique operation named: listUsingGET_13
2020-05-11 23:12:53 -Generating unique operation named: saveUsingPOST_9
2020-05-11 23:12:53 -Generating unique operation named: saveUsingPOST_10
2020-05-11 23:12:53 -Generating unique operation named: updateUsingPOST_10
2020-05-11 23:12:53 -Generating unique operation named: addUsingGET_11
2020-05-11 23:12:53 -Generating unique operation named: editUsingGET_12
2020-05-11 23:12:53 -Generating unique operation named: listUsingGET_14
2020-05-11 23:12:53 -Generating unique operation named: removeUsingPOST_19
2020-05-11 23:12:53 -Generating unique operation named: removeUsingPOST_20
2020-05-11 23:12:53 -Generating unique operation named: updateUsingGET_7
2020-05-11 23:12:53 -Generating unique operation named: updateUsingHEAD_7
2020-05-11 23:12:53 -Generating unique operation named: updateUsingPOST_11
2020-05-11 23:12:53 -Generating unique operation named: updateUsingPUT_7
2020-05-11 23:12:53 -Generating unique operation named: updateUsingPATCH_7
2020-05-11 23:12:53 -Generating unique operation named: updateUsingDELETE_7
2020-05-11 23:12:53 -Generating unique operation named: updateUsingOPTIONS_7
2020-05-11 23:12:53 -Generating unique operation named: updateUsingTRACE_7
2020-05-11 23:12:53 -Generating unique operation named: listUsingGET_15
2020-05-11 23:12:53 -Generating unique operation named: listUsingHEAD_1
2020-05-11 23:12:53 -Generating unique operation named: listUsingPOST_1
2020-05-11 23:12:53 -Generating unique operation named: listUsingPUT_1
2020-05-11 23:12:53 -Generating unique operation named: listUsingPATCH_1
2020-05-11 23:12:53 -Generating unique operation named: listUsingDELETE_1
2020-05-11 23:12:53 -Generating unique operation named: listUsingOPTIONS_1
2020-05-11 23:12:53 -Generating unique operation named: listUsingTRACE_1
2020-05-11 23:12:53 -Generating unique operation named: listUsingGET_16
2020-05-11 23:12:53 -Generating unique operation named: listUsingGET_17
2020-05-11 23:12:53 -Generating unique operation named: listUsingHEAD_2
2020-05-11 23:12:53 -Generating unique operation named: listUsingPOST_2
2020-05-11 23:12:53 -Generating unique operation named: listUsingPUT_2
2020-05-11 23:12:54 -Generating unique operation named: listUsingPATCH_2
2020-05-11 23:12:54 -Generating unique operation named: listUsingDELETE_2
2020-05-11 23:12:54 -Generating unique operation named: listUsingOPTIONS_2
2020-05-11 23:12:54 -Generating unique operation named: listUsingTRACE_2
2020-05-11 23:12:54 -Generating unique operation named: addUsingGET_12
2020-05-11 23:12:54 -Generating unique operation named: batchRemoveUsingPOST_4
2020-05-11 23:12:54 -Generating unique operation named: editUsingGET_13
2020-05-11 23:12:54 -Generating unique operation named: listUsingGET_18
2020-05-11 23:12:54 -Generating unique operation named: removeUsingPOST_21
2020-05-11 23:12:54 -Generating unique operation named: saveUsingPOST_11
2020-05-11 23:12:54 -Generating unique operation named: treeUsingGET_3
2020-05-11 23:12:54 -Generating unique operation named: treeViewUsingGET_1
2020-05-11 23:12:54 -Generating unique operation named: updateUsingPOST_12
2020-05-11 23:12:54 -Starting Quartz Scheduler now
2020-05-11 23:12:54 -Scheduler schedulerFactoryBean_$_NON_CLUSTERED started.
2020-05-11 23:12:54 -Starting...
2020-05-11 23:12:54 -BrokerAvailabilityEvent[available=true, SimpleBrokerMessageHandler [DefaultSubscriptionRegistry[cache[0 destination(s)], registry[0 sessions]]]]
2020-05-11 23:12:54 -Started.
2020-05-11 23:12:54 -Starting ProtocolHandler ["http-nio-80"]
2020-05-11 23:12:54 -Using a shared selector for servlet write/read
2020-05-11 23:12:54 -Tomcat started on port(s): 80 (http) with context path ''
2020-05-11 23:12:54 -Started BootdoApplication in 31.674 seconds (JVM running for 33.443)
2020-05-11 23:12:54 -==>  Preparing: select `id`,`cron_expression`,`method_name`,`is_concurrent`,`description`,`update_by`,`bean_class`,`create_date`,`job_status`,`job_group`,`update_date`,`create_by`,`spring_bean`,`job_name` from sys_task order by id desc 
2020-05-11 23:12:54 -==> Parameters: 
2020-05-11 23:12:54 -<==      Total: 1
2020-05-11 23:13:45 -WebSocketSession[0 current WS(0)-HttpStream(0)-HttpPoll(0), 0 total, 0 closed abnormally (0 connect failure, 0 send limit, 0 transport error)], stompSubProtocol[processed CONNECT(0)-CONNECTED(0)-DISCONNECT(0)], stompBrokerRelay[null], inboundChannel[pool size = 0, active threads = 0, queued tasks = 0, completed tasks = 0], outboundChannelpool size = 0, active threads = 0, queued tasks = 0, completed tasks = 0], sockJsScheduler[pool size = 1, active threads = 1, queued tasks = 0, completed tasks = 0]
2020-05-11 23:13:54 -Initializing Spring FrameworkServlet 'dispatcherServlet'
2020-05-11 23:13:54 -FrameworkServlet 'dispatcherServlet': initialization started
2020-05-11 23:13:54 -FrameworkServlet 'dispatcherServlet': initialization completed in 65 ms
2020-05-11 23:13:54 -Enabling session validation scheduler...
2020-05-11 23:13:54 -请求地址 : http://127.0.0.1/login;JSESSIONID=cb07c406-09e4-4c28-8d00-0f976110c009
2020-05-11 23:13:54 -HTTP METHOD : GET
2020-05-11 23:13:54 -CLASS_METHOD : com.bootdo.system.controller.LoginController.login
2020-05-11 23:13:54 -参数 : [{}]
2020-05-11 23:13:54 -耗时 : 3
2020-05-11 23:13:54 -返回值 : login
2020-05-11 23:13:57 -请求地址 : http://127.0.0.1/getVerify
2020-05-11 23:13:57 -HTTP METHOD : GET
2020-05-11 23:13:57 -CLASS_METHOD : com.bootdo.system.controller.LoginController.getVerify
2020-05-11 23:13:57 -参数 : [org.apache.shiro.web.servlet.ShiroHttpServletRequest@4f1b13a5, org.apache.shiro.web.servlet.ShiroHttpServletResponse@41dcf436]
2020-05-11 23:14:01 -请求地址 : http://127.0.0.1/getVerify
2020-05-11 23:14:01 -HTTP METHOD : GET
2020-05-11 23:14:01 -CLASS_METHOD : com.bootdo.system.controller.LoginController.getVerify
2020-05-11 23:14:01 -参数 : [org.apache.shiro.web.servlet.ShiroHttpServletRequest@2850014d, org.apache.shiro.web.servlet.ShiroHttpServletResponse@2c6f809f]
2020-05-11 23:14:02 -请求地址 : http://127.0.0.1/getVerify
2020-05-11 23:14:02 -HTTP METHOD : GET
2020-05-11 23:14:02 -CLASS_METHOD : com.bootdo.system.controller.LoginController.getVerify
2020-05-11 23:14:02 -参数 : [org.apache.shiro.web.servlet.ShiroHttpServletRequest@3684859f, org.apache.shiro.web.servlet.ShiroHttpServletResponse@3c873c02]
2020-05-11 23:14:02 -请求地址 : http://127.0.0.1/getVerify
2020-05-11 23:14:02 -HTTP METHOD : GET
2020-05-11 23:14:02 -CLASS_METHOD : com.bootdo.system.controller.LoginController.getVerify
2020-05-11 23:14:02 -参数 : [org.apache.shiro.web.servlet.ShiroHttpServletRequest@32dd41bf, org.apache.shiro.web.servlet.ShiroHttpServletResponse@f998601]
2020-05-11 23:14:02 -1932
2020-05-11 23:14:02 -2836
2020-05-11 23:14:02 -8175
2020-05-11 23:14:02 -7505
2020-05-11 23:14:03 -耗时 : 465
2020-05-11 23:14:03 -返回值 : null
2020-05-11 23:14:03 -耗时 : 5403
2020-05-11 23:14:03 -返回值 : null
2020-05-11 23:14:03 -耗时 : 656
2020-05-11 23:14:03 -返回值 : null
2020-05-11 23:14:03 -耗时 : 1258
2020-05-11 23:14:03 -返回值 : null
2020-05-11 23:14:05 -请求地址 : http://127.0.0.1/login
2020-05-11 23:14:05 -HTTP METHOD : POST
2020-05-11 23:14:05 -CLASS_METHOD : com.bootdo.system.controller.LoginController.ajaxLogin
2020-05-11 23:14:05 -参数 : [admin, 111111, 2836, org.apache.shiro.web.servlet.ShiroHttpServletRequest@25d3d8a1]
2020-05-11 23:14:05 -耗时 : 10
2020-05-11 23:14:05 -返回值 : {msg=请输入正确的验证码, code=500}
2020-05-11 23:14:05 -More than one TaskExecutor bean found within the context, and none is named 'taskExecutor'. Mark one of them as primary or name it 'taskExecutor' (possibly as an alias) in order to use it for async processing: [clientInboundChannelExecutor, clientOutboundChannelExecutor, brokerChannelExecutor, messageBrokerTaskScheduler]
2020-05-11 23:14:05 -==>  Preparing: insert into sys_log ( `user_id`, `username`, `operation`, `time`, `method`, `params`, `ip`, `gmt_create` ) values ( ?, ?, ?, ?, ?, ?, ?, ? ) 
2020-05-11 23:14:05 -==> Parameters: -1(Long), 获取用户信息为空(String), 登录(String), 11(Integer), com.bootdo.system.controller.LoginController.ajaxLogin()(String), null, 127.0.0.1(String), 2020-05-11 23:14:05.579(Timestamp)
2020-05-11 23:14:05 -<==    Updates: 1
2020-05-11 23:14:07 -请求地址 : http://127.0.0.1/getVerify
2020-05-11 23:14:07 -HTTP METHOD : GET
2020-05-11 23:14:07 -CLASS_METHOD : com.bootdo.system.controller.LoginController.getVerify
2020-05-11 23:14:07 -参数 : [org.apache.shiro.web.servlet.ShiroHttpServletRequest@6fc4062f, org.apache.shiro.web.servlet.ShiroHttpServletResponse@389e785a]
2020-05-11 23:14:07 -9747
2020-05-11 23:14:07 -耗时 : 11
2020-05-11 23:14:07 -返回值 : null
2020-05-11 23:14:11 -请求地址 : http://127.0.0.1/login
2020-05-11 23:14:11 -HTTP METHOD : POST
2020-05-11 23:14:11 -CLASS_METHOD : com.bootdo.system.controller.LoginController.ajaxLogin
2020-05-11 23:14:11 -参数 : [admin, 111111, 9747, org.apache.shiro.web.servlet.ShiroHttpServletRequest@9f66d2e]
2020-05-11 23:14:11 -==>  Preparing: select `user_id`,`username`,`name`,`password`,`dept_id`,`email`,`mobile`,`status`,`user_id_create`,`gmt_create`,`gmt_modified`,`sex`,`birth`,`pic_id`,`live_address`,`hobby`,`province`,`city`,`district` from sys_user WHERE username = ? order by user_id desc 
2020-05-11 23:14:11 -==> Parameters: admin(String)
2020-05-11 23:14:11 -<==      Total: 1
2020-05-11 23:14:11 -==>  Preparing: select distinct r.role_sign from sys_role r left join sys_user_role ur on r.role_id = ur.role_id where ur.user_id=? 
2020-05-11 23:14:11 -==> Parameters: 1(Long)
2020-05-11 23:14:11 -<==      Total: 3
2020-05-11 23:14:11 -耗时 : 49
2020-05-11 23:14:11 -返回值 : {msg=操作成功, code=0}
2020-05-11 23:14:11 -==>  Preparing: insert into sys_log ( `user_id`, `username`, `operation`, `time`, `method`, `params`, `ip`, `gmt_create` ) values ( ?, ?, ?, ?, ?, ?, ?, ? ) 
2020-05-11 23:14:11 -==> Parameters: 1(Long), admin(String), 登录(String), 50(Integer), com.bootdo.system.controller.LoginController.ajaxLogin()(String), null, 127.0.0.1(String), 2020-05-11 23:14:11.211(Timestamp)
2020-05-11 23:14:11 -<==    Updates: 1
2020-05-11 23:14:11 -请求地址 : http://127.0.0.1/index
2020-05-11 23:14:11 -HTTP METHOD : GET
2020-05-11 23:14:11 -CLASS_METHOD : com.bootdo.system.controller.LoginController.index
2020-05-11 23:14:11 -参数 : [{}]
2020-05-11 23:14:11 -==>  Preparing: select distinct m.menu_id , parent_id, name, url, perms,`type`,icon,order_num,gmt_create, gmt_modified from sys_menu m left join sys_role_menu rm on m.menu_id = rm.menu_id left join sys_user_role ur on rm.role_id =ur.role_id where ur.user_id = ? and m.type in(0,1) order by m.order_num 
2020-05-11 23:14:11 -==> Parameters: 1(Long)
2020-05-11 23:14:11 -<==      Total: 30
2020-05-11 23:14:11 -==>  Preparing: select `id`,`type`,`url`,`create_date` from sys_file where id = ? 
2020-05-11 23:14:11 -==> Parameters: 138(Long)
2020-05-11 23:14:11 -<==      Total: 1
2020-05-11 23:14:11 -耗时 : 105
2020-05-11 23:14:11 -返回值 : index_v1
2020-05-11 23:14:11 -==>  Preparing: insert into sys_log ( `user_id`, `username`, `operation`, `time`, `method`, `params`, `ip`, `gmt_create` ) values ( ?, ?, ?, ?, ?, ?, ?, ? ) 
2020-05-11 23:14:11 -==> Parameters: 1(Long), admin(String), 请求访问主页(String), 106(Integer), com.bootdo.system.controller.LoginController.index()(String), null, 127.0.0.1(String), 2020-05-11 23:14:11.44(Timestamp)
2020-05-11 23:14:11 -<==    Updates: 1
2020-05-11 23:14:11 -请求地址 : http://127.0.0.1/main
2020-05-11 23:14:11 -HTTP METHOD : GET
2020-05-11 23:14:11 -CLASS_METHOD : com.bootdo.system.controller.LoginController.main
2020-05-11 23:14:11 -参数 : []
2020-05-11 23:14:11 -耗时 : 0
2020-05-11 23:14:11 -返回值 : main
2020-05-11 23:14:13 -请求地址 : http://127.0.0.1/oa/notify/message
2020-05-11 23:14:13 -HTTP METHOD : GET
2020-05-11 23:14:13 -CLASS_METHOD : com.bootdo.oa.controller.NotifyController.message
2020-05-11 23:14:13 -参数 : []
2020-05-11 23:14:13 -==>  Preparing: select DISTINCT n.id ,`type`,`title`,`content`,`files`,r.is_read,`status`,`create_by`,`create_date`,`update_by`,`update_date`,`remarks`,`del_flag` from oa_notify_record r right JOIN oa_notify n on r.notify_id = n.id WHERE r.is_read = ? and r.user_id = ? order by is_read ASC, update_date DESC limit ?, ? 
2020-05-11 23:14:13 -==> Parameters: 0(String), 1(Long), 0(Integer), 3(Integer)
2020-05-11 23:14:13 -<==      Total: 0
2020-05-11 23:14:13 -==>  Preparing: select count(*) from oa_notify_record r right JOIN oa_notify n on r.notify_id = n.id where r.user_id =? and r.is_read = ? 
2020-05-11 23:14:13 -==> Parameters: 1(Long), 0(String)
2020-05-11 23:14:13 -<==      Total: 1
2020-05-11 23:14:13 -耗时 : 91
2020-05-11 23:14:13 -返回值 : com.bootdo.common.utils.PageUtils@157da0fb
2020-05-11 23:14:13 -请求地址 : http://127.0.0.1/main
2020-05-11 23:14:13 -HTTP METHOD : GET
2020-05-11 23:14:13 -CLASS_METHOD : com.bootdo.system.controller.LoginController.main
2020-05-11 23:14:13 -参数 : []
2020-05-11 23:14:13 -耗时 : 11
2020-05-11 23:14:13 -返回值 : main
2020-05-11 23:14:23 -请求地址 : http://127.0.0.1/activiti/customActivities/list
2020-05-11 23:14:23 -HTTP METHOD : GET
2020-05-11 23:14:23 -CLASS_METHOD : com.bootdo.activiti.controller.CustomActivitiesController.list
2020-05-11 23:14:23 -参数 : [{}]
2020-05-11 23:14:23 -==>  Preparing: select `Id`,`process_definition_id`,`process_version`,`process_definition_key`,`activity_type`,`activity_id`,`activity_name`,`assignee_type`,`assignee`,`candidate_group`,`candidate_user` from act_custom_activities order by Id asc 
2020-05-11 23:14:23 -==> Parameters: 
2020-05-11 23:14:23 -<==      Total: 6
2020-05-11 23:14:23 -==>  Preparing: select `name` from sys_user where user_id = ? 
2020-05-11 23:14:23 -==> Parameters: 1(String)
2020-05-11 23:14:23 -<==      Total: 1
2020-05-11 23:14:23 -==>  Preparing: select `name` from sys_user where user_id = ? 
2020-05-11 23:14:23 -==> Parameters: 1(String)
2020-05-11 23:14:23 -<==      Total: 1
2020-05-11 23:14:23 -==>  Preparing: select `name` from sys_user where user_id = ? 
2020-05-11 23:14:23 -==> Parameters: 1(String)
2020-05-11 23:14:23 -<==      Total: 1
2020-05-11 23:14:23 -==>  Preparing: select `name` from sys_user where user_id = ? 
2020-05-11 23:14:23 -==> Parameters: 1(String)
2020-05-11 23:14:23 -<==      Total: 1
2020-05-11 23:14:23 -==>  Preparing: select `name` from sys_user where user_id = ? 
2020-05-11 23:14:23 -==> Parameters: 1(String)
2020-05-11 23:14:23 -<==      Total: 1
2020-05-11 23:14:23 -==>  Preparing: select `name` from sys_user where user_id = ? 
2020-05-11 23:14:23 -==> Parameters: 1(String)
2020-05-11 23:14:23 -<==      Total: 1
2020-05-11 23:14:23 -==>  Preparing: select `name` from sys_user where user_id = ? 
2020-05-11 23:14:23 -==> Parameters: null
2020-05-11 23:14:23 -<==      Total: 0
2020-05-11 23:14:23 -==>  Preparing: select `name` from sys_user where user_id = ? 
2020-05-11 23:14:23 -==> Parameters: null
2020-05-11 23:14:23 -<==      Total: 0
2020-05-11 23:14:23 -==>  Preparing: select `name` from sys_user where user_id = ? 
2020-05-11 23:14:23 -==> Parameters: null
2020-05-11 23:14:23 -<==      Total: 0
2020-05-11 23:14:23 -==>  Preparing: select count(*) from act_custom_activities 
2020-05-11 23:14:23 -==> Parameters: 
2020-05-11 23:14:23 -<==      Total: 1
2020-05-11 23:14:23 -耗时 : 63
2020-05-11 23:14:23 -返回值 : com.bootdo.common.utils.PageUtils@274bdfba
2020-05-11 23:15:27 -请求地址 : http://127.0.0.1/activiti/customActivities/list
2020-05-11 23:15:27 -HTTP METHOD : GET
2020-05-11 23:15:27 -CLASS_METHOD : com.bootdo.activiti.controller.CustomActivitiesController.list
2020-05-11 23:15:27 -参数 : [{offset=, limit=}]
2020-05-11 23:15:27 -==>  Preparing: insert into sys_log ( `user_id`, `username`, `operation`, `time`, `method`, `params`, `ip`, `gmt_create` ) values ( ?, ?, ?, ?, ?, ?, ?, ? ) 
2020-05-11 23:15:27 -==> Parameters: 1(Long), admin(String), error(String), null, http://127.0.0.1/activiti/customActivities/list(String), java.lang.NumberFormatException: For input string: ""(String), null, 2020-05-11 23:15:27.81(Timestamp)
2020-05-11 23:15:27 -<==    Updates: 1
2020-05-11 23:15:27 -For input string: ""
java.lang.NumberFormatException: For input string: ""
	at java.base/java.lang.NumberFormatException.forInputString(NumberFormatException.java:65)
	at java.base/java.lang.Integer.parseInt(Integer.java:662)
	at java.base/java.lang.Integer.parseInt(Integer.java:770)
	at com.bootdo.common.utils.Query.<init>(Query.java:20)
	at com.bootdo.activiti.controller.CustomActivitiesController.list(CustomActivitiesController.java:48)
	at com.bootdo.activiti.controller.CustomActivitiesController$$FastClassBySpringCGLIB$$5d854ce1.invoke(<generated>)
	at org.springframework.cglib.proxy.MethodProxy.invoke(MethodProxy.java:204)
	at org.springframework.aop.framework.CglibAopProxy$CglibMethodInvocation.invokeJoinpoint(CglibAopProxy.java:746)
	at org.springframework.aop.framework.ReflectiveMethodInvocation.proceed(ReflectiveMethodInvocation.java:163)
	at org.springframework.aop.framework.adapter.MethodBeforeAdviceInterceptor.invoke(MethodBeforeAdviceInterceptor.java:52)
	at org.springframework.aop.framework.ReflectiveMethodInvocation.proceed(ReflectiveMethodInvocation.java:185)
	at org.springframework.aop.aspectj.MethodInvocationProceedingJoinPoint.proceed(MethodInvocationProceedingJoinPoint.java:88)
	at com.bootdo.common.aspect.WebLogAspect.doAround(WebLogAspect.java:54)
	at java.base/jdk.internal.reflect.NativeMethodAccessorImpl.invoke0(Native Method)
	at java.base/jdk.internal.reflect.NativeMethodAccessorImpl.invoke(NativeMethodAccessorImpl.java:62)
	at java.base/jdk.internal.reflect.DelegatingMethodAccessorImpl.invoke(DelegatingMethodAccessorImpl.java:43)
	at java.base/java.lang.reflect.Method.invoke(Method.java:566)
	at org.springframework.aop.aspectj.AbstractAspectJAdvice.invokeAdviceMethodWithGivenArgs(AbstractAspectJAdvice.java:644)
	at org.springframework.aop.aspectj.AbstractAspectJAdvice.invokeAdviceMethod(AbstractAspectJAdvice.java:633)
	at org.springframework.aop.aspectj.AspectJAroundAdvice.invoke(AspectJAroundAdvice.java:70)
	at org.springframework.aop.framework.ReflectiveMethodInvocation.proceed(ReflectiveMethodInvocation.java:185)
	at org.springframework.aop.framework.adapter.AfterReturningAdviceInterceptor.invoke(AfterReturningAdviceInterceptor.java:52)
	at org.springframework.aop.framework.ReflectiveMethodInvocation.proceed(ReflectiveMethodInvocation.java:185)
	at org.springframework.aop.interceptor.ExposeInvocationInterceptor.invoke(ExposeInvocationInterceptor.java:92)
	at org.springframework.aop.framework.ReflectiveMethodInvocation.proceed(ReflectiveMethodInvocation.java:185)
	at org.springframework.aop.framework.CglibAopProxy$DynamicAdvisedInterceptor.intercept(CglibAopProxy.java:688)
	at com.bootdo.activiti.controller.CustomActivitiesController$$EnhancerBySpringCGLIB$$d5076933.list(<generated>)
	at java.base/jdk.internal.reflect.NativeMethodAccessorImpl.invoke0(Native Method)
	at java.base/jdk.internal.reflect.NativeMethodAccessorImpl.invoke(NativeMethodAccessorImpl.java:62)
	at java.base/jdk.internal.reflect.DelegatingMethodAccessorImpl.invoke(DelegatingMethodAccessorImpl.java:43)
	at java.base/java.lang.reflect.Method.invoke(Method.java:566)
	at org.springframework.web.method.support.InvocableHandlerMethod.doInvoke(InvocableHandlerMethod.java:209)
	at org.springframework.web.method.support.InvocableHandlerMethod.invokeForRequest(InvocableHandlerMethod.java:136)
	at org.springframework.web.servlet.mvc.method.annotation.ServletInvocableHandlerMethod.invokeAndHandle(ServletInvocableHandlerMethod.java:102)
	at org.springframework.web.servlet.mvc.method.annotation.RequestMappingHandlerAdapter.invokeHandlerMethod(RequestMappingHandlerAdapter.java:877)
	at org.springframework.web.servlet.mvc.method.annotation.RequestMappingHandlerAdapter.handleInternal(RequestMappingHandlerAdapter.java:783)
	at org.springframework.web.servlet.mvc.method.AbstractHandlerMethodAdapter.handle(AbstractHandlerMethodAdapter.java:87)
	at org.springframework.web.servlet.DispatcherServlet.doDispatch(DispatcherServlet.java:991)
	at org.springframework.web.servlet.DispatcherServlet.doService(DispatcherServlet.java:925)
	at org.springframework.web.servlet.FrameworkServlet.processRequest(FrameworkServlet.java:974)
	at org.springframework.web.servlet.FrameworkServlet.doGet(FrameworkServlet.java:866)
	at javax.servlet.http.HttpServlet.service(HttpServlet.java:635)
	at org.springframework.web.servlet.FrameworkServlet.service(FrameworkServlet.java:851)
	at javax.servlet.http.HttpServlet.service(HttpServlet.java:742)
	at org.apache.catalina.core.ApplicationFilterChain.internalDoFilter(ApplicationFilterChain.java:231)
	at org.apache.catalina.core.ApplicationFilterChain.doFilter(ApplicationFilterChain.java:166)
	at org.apache.tomcat.websocket.server.WsFilter.doFilter(WsFilter.java:52)
	at org.apache.catalina.core.ApplicationFilterChain.internalDoFilter(ApplicationFilterChain.java:193)
	at org.apache.catalina.core.ApplicationFilterChain.doFilter(ApplicationFilterChain.java:166)
	at org.apache.shiro.web.servlet.ProxiedFilterChain.doFilter(ProxiedFilterChain.java:61)
	at org.apache.shiro.web.servlet.AdviceFilter.executeChain(AdviceFilter.java:108)
	at org.apache.shiro.web.servlet.AdviceFilter.doFilterInternal(AdviceFilter.java:137)
	at org.apache.shiro.web.servlet.OncePerRequestFilter.doFilter(OncePerRequestFilter.java:125)
	at org.apache.shiro.web.servlet.ProxiedFilterChain.doFilter(ProxiedFilterChain.java:66)
	at org.apache.shiro.web.servlet.AbstractShiroFilter.executeChain(AbstractShiroFilter.java:449)
	at org.apache.shiro.web.servlet.AbstractShiroFilter$1.call(AbstractShiroFilter.java:365)
	at org.apache.shiro.subject.support.SubjectCallable.doCall(SubjectCallable.java:90)
	at org.apache.shiro.subject.support.SubjectCallable.call(SubjectCallable.java:83)
	at org.apache.shiro.subject.support.DelegatingSubject.execute(DelegatingSubject.java:383)
	at org.apache.shiro.web.servlet.AbstractShiroFilter.doFilterInternal(AbstractShiroFilter.java:362)
	at org.apache.shiro.web.servlet.OncePerRequestFilter.doFilter(OncePerRequestFilter.java:125)
	at org.apache.catalina.core.ApplicationFilterChain.internalDoFilter(ApplicationFilterChain.java:193)
	at org.apache.catalina.core.ApplicationFilterChain.doFilter(ApplicationFilterChain.java:166)
	at com.alibaba.druid.support.http.WebStatFilter.doFilter(WebStatFilter.java:123)
	at org.apache.catalina.core.ApplicationFilterChain.internalDoFilter(ApplicationFilterChain.java:193)
	at org.apache.catalina.core.ApplicationFilterChain.doFilter(ApplicationFilterChain.java:166)
	at org.springframework.web.filter.RequestContextFilter.doFilterInternal(RequestContextFilter.java:99)
	at org.springframework.web.filter.OncePerRequestFilter.doFilter(OncePerRequestFilter.java:107)
	at org.apache.catalina.core.ApplicationFilterChain.internalDoFilter(ApplicationFilterChain.java:193)
	at org.apache.catalina.core.ApplicationFilterChain.doFilter(ApplicationFilterChain.java:166)
	at org.springframework.web.filter.HttpPutFormContentFilter.doFilterInternal(HttpPutFormContentFilter.java:109)
	at org.springframework.web.filter.OncePerRequestFilter.doFilter(OncePerRequestFilter.java:107)
	at org.apache.catalina.core.ApplicationFilterChain.internalDoFilter(ApplicationFilterChain.java:193)
	at org.apache.catalina.core.ApplicationFilterChain.doFilter(ApplicationFilterChain.java:166)
	at org.springframework.web.filter.HiddenHttpMethodFilter.doFilterInternal(HiddenHttpMethodFilter.java:93)
	at org.springframework.web.filter.OncePerRequestFilter.doFilter(OncePerRequestFilter.java:107)
	at org.apache.catalina.core.ApplicationFilterChain.internalDoFilter(ApplicationFilterChain.java:193)
	at org.apache.catalina.core.ApplicationFilterChain.doFilter(ApplicationFilterChain.java:166)
	at org.springframework.web.filter.CharacterEncodingFilter.doFilterInternal(CharacterEncodingFilter.java:200)
	at org.springframework.web.filter.OncePerRequestFilter.doFilter(OncePerRequestFilter.java:107)
	at org.apache.catalina.core.ApplicationFilterChain.internalDoFilter(ApplicationFilterChain.java:193)
	at org.apache.catalina.core.ApplicationFilterChain.doFilter(ApplicationFilterChain.java:166)
	at org.apache.catalina.core.StandardWrapperValve.invoke(StandardWrapperValve.java:198)
	at org.apache.catalina.core.StandardContextValve.invoke(StandardContextValve.java:96)
	at org.apache.catalina.authenticator.AuthenticatorBase.invoke(AuthenticatorBase.java:496)
	at org.apache.catalina.core.StandardHostValve.invoke(StandardHostValve.java:140)
	at org.apache.catalina.valves.ErrorReportValve.invoke(ErrorReportValve.java:81)
	at org.apache.catalina.core.StandardEngineValve.invoke(StandardEngineValve.java:87)
	at org.apache.catalina.connector.CoyoteAdapter.service(CoyoteAdapter.java:342)
	at org.apache.coyote.http11.Http11Processor.service(Http11Processor.java:803)
	at org.apache.coyote.AbstractProcessorLight.process(AbstractProcessorLight.java:66)
	at org.apache.coyote.AbstractProtocol$ConnectionHandler.process(AbstractProtocol.java:790)
	at org.apache.tomcat.util.net.NioEndpoint$SocketProcessor.doRun(NioEndpoint.java:1468)
	at org.apache.tomcat.util.net.SocketProcessorBase.run(SocketProcessorBase.java:49)
	at java.base/java.util.concurrent.ThreadPoolExecutor.runWorker(ThreadPoolExecutor.java:1128)
	at java.base/java.util.concurrent.ThreadPoolExecutor$Worker.run(ThreadPoolExecutor.java:628)
	at org.apache.tomcat.util.threads.TaskThread$WrappingRunnable.run(TaskThread.java:61)
	at java.base/java.lang.Thread.run(Thread.java:834)
2020-05-11 23:15:44 -请求地址 : http://127.0.0.1/activiti/customActivities/list
2020-05-11 23:15:44 -HTTP METHOD : GET
2020-05-11 23:15:44 -CLASS_METHOD : com.bootdo.activiti.controller.CustomActivitiesController.list
2020-05-11 23:15:44 -参数 : [{offset=1, limit=1}]
2020-05-11 23:15:44 -==>  Preparing: select `Id`,`process_definition_id`,`process_version`,`process_definition_key`,`activity_type`,`activity_id`,`activity_name`,`assignee_type`,`assignee`,`candidate_group`,`candidate_user` from act_custom_activities order by Id asc limit ?, ? 
2020-05-11 23:15:44 -==> Parameters: 1(Integer), 1(Integer)
2020-05-11 23:15:44 -<==      Total: 1
2020-05-11 23:15:44 -==>  Preparing: select `name` from sys_user where user_id = ? 
2020-05-11 23:15:44 -==> Parameters: 1(String)
2020-05-11 23:15:44 -<==      Total: 1
2020-05-11 23:15:44 -==>  Preparing: select `name` from sys_user where user_id = ? 
2020-05-11 23:15:44 -==> Parameters: 1(String)
2020-05-11 23:15:44 -<==      Total: 1
2020-05-11 23:15:44 -==>  Preparing: select count(*) from act_custom_activities 
2020-05-11 23:15:44 -==> Parameters: 
2020-05-11 23:15:44 -<==      Total: 1
2020-05-11 23:15:44 -耗时 : 14
2020-05-11 23:15:44 -返回值 : com.bootdo.common.utils.PageUtils@38adfcea
2020-05-11 23:15:54 -请求地址 : http://127.0.0.1/activiti/customActivities/list
2020-05-11 23:15:54 -HTTP METHOD : GET
2020-05-11 23:15:54 -CLASS_METHOD : com.bootdo.activiti.controller.CustomActivitiesController.list
2020-05-11 23:15:54 -参数 : [{offset=0, limit=0}]
2020-05-11 23:15:54 -==>  Preparing: insert into sys_log ( `user_id`, `username`, `operation`, `time`, `method`, `params`, `ip`, `gmt_create` ) values ( ?, ?, ?, ?, ?, ?, ?, ? ) 
2020-05-11 23:15:54 -/ by zero
java.lang.ArithmeticException: / by zero
	at com.bootdo.common.utils.Query.<init>(Query.java:23)
	at com.bootdo.activiti.controller.CustomActivitiesController.list(CustomActivitiesController.java:48)
	at com.bootdo.activiti.controller.CustomActivitiesController$$FastClassBySpringCGLIB$$5d854ce1.invoke(<generated>)
	at org.springframework.cglib.proxy.MethodProxy.invoke(MethodProxy.java:204)
	at org.springframework.aop.framework.CglibAopProxy$CglibMethodInvocation.invokeJoinpoint(CglibAopProxy.java:746)
	at org.springframework.aop.framework.ReflectiveMethodInvocation.proceed(ReflectiveMethodInvocation.java:163)
	at org.springframework.aop.framework.adapter.MethodBeforeAdviceInterceptor.invoke(MethodBeforeAdviceInterceptor.java:52)
	at org.springframework.aop.framework.ReflectiveMethodInvocation.proceed(ReflectiveMethodInvocation.java:185)
	at org.springframework.aop.aspectj.MethodInvocationProceedingJoinPoint.proceed(MethodInvocationProceedingJoinPoint.java:88)
	at com.bootdo.common.aspect.WebLogAspect.doAround(WebLogAspect.java:54)
	at java.base/jdk.internal.reflect.NativeMethodAccessorImpl.invoke0(Native Method)
	at java.base/jdk.internal.reflect.NativeMethodAccessorImpl.invoke(NativeMethodAccessorImpl.java:62)
	at java.base/jdk.internal.reflect.DelegatingMethodAccessorImpl.invoke(DelegatingMethodAccessorImpl.java:43)
	at java.base/java.lang.reflect.Method.invoke(Method.java:566)
	at org.springframework.aop.aspectj.AbstractAspectJAdvice.invokeAdviceMethodWithGivenArgs(AbstractAspectJAdvice.java:644)
	at org.springframework.aop.aspectj.AbstractAspectJAdvice.invokeAdviceMethod(AbstractAspectJAdvice.java:633)
	at org.springframework.aop.aspectj.AspectJAroundAdvice.invoke(AspectJAroundAdvice.java:70)
	at org.springframework.aop.framework.ReflectiveMethodInvocation.proceed(ReflectiveMethodInvocation.java:185)
	at org.springframework.aop.framework.adapter.AfterReturningAdviceInterceptor.invoke(AfterReturningAdviceInterceptor.java:52)
	at org.springframework.aop.framework.ReflectiveMethodInvocation.proceed(ReflectiveMethodInvocation.java:185)
	at org.springframework.aop.interceptor.ExposeInvocationInterceptor.invoke(ExposeInvocationInterceptor.java:92)
	at org.springframework.aop.framework.ReflectiveMethodInvocation.proceed(ReflectiveMethodInvocation.java:185)
	at org.springframework.aop.framework.CglibAopProxy$DynamicAdvisedInterceptor.intercept(CglibAopProxy.java:688)
	at com.bootdo.activiti.controller.CustomActivitiesController$$EnhancerBySpringCGLIB$$d5076933.list(<generated>)
	at java.base/jdk.internal.reflect.NativeMethodAccessorImpl.invoke0(Native Method)
	at java.base/jdk.internal.reflect.NativeMethodAccessorImpl.invoke(NativeMethodAccessorImpl.java:62)
	at java.base/jdk.internal.reflect.DelegatingMethodAccessorImpl.invoke(DelegatingMethodAccessorImpl.java:43)
	at java.base/java.lang.reflect.Method.invoke(Method.java:566)
	at org.springframework.web.method.support.InvocableHandlerMethod.doInvoke(InvocableHandlerMethod.java:209)
	at org.springframework.web.method.support.InvocableHandlerMethod.invokeForRequest(InvocableHandlerMethod.java:136)
	at org.springframework.web.servlet.mvc.method.annotation.ServletInvocableHandlerMethod.invokeAndHandle(ServletInvocableHandlerMethod.java:102)
	at org.springframework.web.servlet.mvc.method.annotation.RequestMappingHandlerAdapter.invokeHandlerMethod(RequestMappingHandlerAdapter.java:877)
	at org.springframework.web.servlet.mvc.method.annotation.RequestMappingHandlerAdapter.handleInternal(RequestMappingHandlerAdapter.java:783)
	at org.springframework.web.servlet.mvc.method.AbstractHandlerMethodAdapter.handle(AbstractHandlerMethodAdapter.java:87)
	at org.springframework.web.servlet.DispatcherServlet.doDispatch(DispatcherServlet.java:991)
	at org.springframework.web.servlet.DispatcherServlet.doService(DispatcherServlet.java:925)
	at org.springframework.web.servlet.FrameworkServlet.processRequest(FrameworkServlet.java:974)
	at org.springframework.web.servlet.FrameworkServlet.doGet(FrameworkServlet.java:866)
	at javax.servlet.http.HttpServlet.service(HttpServlet.java:635)
	at org.springframework.web.servlet.FrameworkServlet.service(FrameworkServlet.java:851)
	at javax.servlet.http.HttpServlet.service(HttpServlet.java:742)
	at org.apache.catalina.core.ApplicationFilterChain.internalDoFilter(ApplicationFilterChain.java:231)
	at org.apache.catalina.core.ApplicationFilterChain.doFilter(ApplicationFilterChain.java:166)
	at org.apache.tomcat.websocket.server.WsFilter.doFilter(WsFilter.java:52)
	at org.apache.catalina.core.ApplicationFilterChain.internalDoFilter(ApplicationFilterChain.java:193)
	at org.apache.catalina.core.ApplicationFilterChain.doFilter(ApplicationFilterChain.java:166)
	at org.apache.shiro.web.servlet.ProxiedFilterChain.doFilter(ProxiedFilterChain.java:61)
	at org.apache.shiro.web.servlet.AdviceFilter.executeChain(AdviceFilter.java:108)
	at org.apache.shiro.web.servlet.AdviceFilter.doFilterInternal(AdviceFilter.java:137)
	at org.apache.shiro.web.servlet.OncePerRequestFilter.doFilter(OncePerRequestFilter.java:125)
	at org.apache.shiro.web.servlet.ProxiedFilterChain.doFilter(ProxiedFilterChain.java:66)
	at org.apache.shiro.web.servlet.AbstractShiroFilter.executeChain(AbstractShiroFilter.java:449)
	at org.apache.shiro.web.servlet.AbstractShiroFilter$1.call(AbstractShiroFilter.java:365)
	at org.apache.shiro.subject.support.SubjectCallable.doCall(SubjectCallable.java:90)
	at org.apache.shiro.subject.support.SubjectCallable.call(SubjectCallable.java:83)
	at org.apache.shiro.subject.support.DelegatingSubject.execute(DelegatingSubject.java:383)
	at org.apache.shiro.web.servlet.AbstractShiroFilter.doFilterInternal(AbstractShiroFilter.java:362)
	at org.apache.shiro.web.servlet.OncePerRequestFilter.doFilter(OncePerRequestFilter.java:125)
	at org.apache.catalina.core.ApplicationFilterChain.internalDoFilter(ApplicationFilterChain.java:193)
	at org.apache.catalina.core.ApplicationFilterChain.doFilter(ApplicationFilterChain.java:166)
	at com.alibaba.druid.support.http.WebStatFilter.doFilter(WebStatFilter.java:123)
	at org.apache.catalina.core.ApplicationFilterChain.internalDoFilter(ApplicationFilterChain.java:193)
	at org.apache.catalina.core.ApplicationFilterChain.doFilter(ApplicationFilterChain.java:166)
	at org.springframework.web.filter.RequestContextFilter.doFilterInternal(RequestContextFilter.java:99)
	at org.springframework.web.filter.OncePerRequestFilter.doFilter(OncePerRequestFilter.java:107)
	at org.apache.catalina.core.ApplicationFilterChain.internalDoFilter(ApplicationFilterChain.java:193)
	at org.apache.catalina.core.ApplicationFilterChain.doFilter(ApplicationFilterChain.java:166)
	at org.springframework.web.filter.HttpPutFormContentFilter.doFilterInternal(HttpPutFormContentFilter.java:109)
	at org.springframework.web.filter.OncePerRequestFilter.doFilter(OncePerRequestFilter.java:107)
	at org.apache.catalina.core.ApplicationFilterChain.internalDoFilter(ApplicationFilterChain.java:193)
	at org.apache.catalina.core.ApplicationFilterChain.doFilter(ApplicationFilterChain.java:166)
	at org.springframework.web.filter.HiddenHttpMethodFilter.doFilterInternal(HiddenHttpMethodFilter.java:93)
	at org.springframework.web.filter.OncePerRequestFilter.doFilter(OncePerRequestFilter.java:107)
	at org.apache.catalina.core.ApplicationFilterChain.internalDoFilter(ApplicationFilterChain.java:193)
	at org.apache.catalina.core.ApplicationFilterChain.doFilter(ApplicationFilterChain.java:166)
	at org.springframework.web.filter.CharacterEncodingFilter.doFilterInternal(CharacterEncodingFilter.java:200)
	at org.springframework.web.filter.OncePerRequestFilter.doFilter(OncePerRequestFilter.java:107)
	at org.apache.catalina.core.ApplicationFilterChain.internalDoFilter(ApplicationFilterChain.java:193)
	at org.apache.catalina.core.ApplicationFilterChain.doFilter(ApplicationFilterChain.java:166)
	at org.apache.catalina.core.StandardWrapperValve.invoke(StandardWrapperValve.java:198)
	at org.apache.catalina.core.StandardContextValve.invoke(StandardContextValve.java:96)
	at org.apache.catalina.authenticator.AuthenticatorBase.invoke(AuthenticatorBase.java:496)
	at org.apache.catalina.core.StandardHostValve.invoke(StandardHostValve.java:140)
	at org.apache.catalina.valves.ErrorReportValve.invoke(ErrorReportValve.java:81)
	at org.apache.catalina.core.StandardEngineValve.invoke(StandardEngineValve.java:87)
	at org.apache.catalina.connector.CoyoteAdapter.service(CoyoteAdapter.java:342)
	at org.apache.coyote.http11.Http11Processor.service(Http11Processor.java:803)
	at org.apache.coyote.AbstractProcessorLight.process(AbstractProcessorLight.java:66)
	at org.apache.coyote.AbstractProtocol$ConnectionHandler.process(AbstractProtocol.java:790)
	at org.apache.tomcat.util.net.NioEndpoint$SocketProcessor.doRun(NioEndpoint.java:1468)
	at org.apache.tomcat.util.net.SocketProcessorBase.run(SocketProcessorBase.java:49)
	at java.base/java.util.concurrent.ThreadPoolExecutor.runWorker(ThreadPoolExecutor.java:1128)
	at java.base/java.util.concurrent.ThreadPoolExecutor$Worker.run(ThreadPoolExecutor.java:628)
	at org.apache.tomcat.util.threads.TaskThread$WrappingRunnable.run(TaskThread.java:61)
	at java.base/java.lang.Thread.run(Thread.java:834)
2020-05-11 23:15:54 -==> Parameters: 1(Long), admin(String), error(String), null, http://127.0.0.1/activiti/customActivities/list(String), java.lang.ArithmeticException: / by zero(String), null, 2020-05-11 23:15:54.614(Timestamp)
2020-05-11 23:15:54 -<==    Updates: 1
